Added Component: Designator=C1(cap0603)
Add component. Clean all parameters for all variants
Added Component: Designator=C1(cap0402)
Add component. Clean all parameters for all variants
Added Component: Designator=C2(cap0603)
Add component. Clean all parameters for all variants
Added Component: Designator=C2(cap0402)
Add component. Clean all parameters for all variants
Added Component: Designator=C3(cap0603)
Add component. Clean all parameters for all variants
Added Component: Designator=C3(cap0402)
Add component. Clean all parameters for all variants
Added Component: Designator=C4(cap0603)
Add component. Clean all parameters for all variants
Added Component: Designator=C4(cap0402)
Add component. Clean all parameters for all variants
Added Component: Designator=C5(cap0603)
Add component. Clean all parameters for all variants
Added Component: Designator=C6(cap0603)
Add component. Clean all parameters for all variants
Added Component: Designator=C7(cap0603)
Add component. Clean all parameters for all variants
Added Component: Designator=C8(cap0603)
Add component. Clean all parameters for all variants
Added Component: Designator=C9(cap0603)
Add component. Clean all parameters for all variants
Added Component: Designator=C10(Tantal B)
Add component. Clean all parameters for all variants
Added Component: Designator=C11(Tantal B)
Add component. Clean all parameters for all variants
Added Component: Designator=D3(SOD123)
Add component. Clean all parameters for all variants
Added Component: Designator=R1(res0603)
Add component. Clean all parameters for all variants
Added Component: Designator=R1(res0603)
Add component. Clean all parameters for all variants
Added Component: Designator=R2(res0603)
Add component. Clean all parameters for all variants
Added Component: Designator=R2(res0603)
Add component. Clean all parameters for all variants
Added Component: Designator=R3(res0603)
Add component. Clean all parameters for all variants
Added Component: Designator=R3(res0603)
Add component. Clean all parameters for all variants
Added Component: Designator=R4(res0603)
Add component. Clean all parameters for all variants
Added Component: Designator=R5(res0603)
Add component. Clean all parameters for all variants
Added Component: Designator=R6(res0603)
Add component. Clean all parameters for all variants
Added Component: Designator=U2(FFC/FPC Jack 20)
Add component. Clean all parameters for all variants
Added Component: Designator=Y1(QSMD5.0x3.2x1.0)
Add component. Clean all parameters for all variants
Add component (AddParameter): Name = "Name"; Value = ""; VariantName = "[No Variations]"
Add component (AddParameter): Name = "Tolerance"; Value = ""; VariantName = "[No Variations]"
Add component (AddParameter): Name = "Value"; Value = "16MHz"; VariantName = "[No Variations]"
Added Pin To Net: NetName=+3V3 Pin=C8-2
Added Pin To Net: NetName=+3V3 Pin=C11-2
Added Net: Name=+3V3
Added Pin To Net: NetName=+5 Pin=C1-2
Added Pin To Net: NetName=+5 Pin=C2-2
Added Pin To Net: NetName=+5 Pin=C3-2
Added Pin To Net: NetName=+5 Pin=R2-2
Added Pin To Net: NetName=+5 Pin=U2-19
Added Net: Name=+5
Added Pin To Net: NetName=AREF Pin=C4-2
Added Net: Name=AREF
Added Pin To Net: NetName=CS Pin=U2-18
Added Net: Name=CS
Added Net: Name=D+
Added Net: Name=D-
Added Pin To Net: NetName=DB0 Pin=U2-14
Added Net: Name=DB0
Added Pin To Net: NetName=DB1 Pin=U2-13
Added Net: Name=DB1
Added Pin To Net: NetName=DB2 Pin=U2-12
Added Net: Name=DB2
Added Pin To Net: NetName=DB3 Pin=U2-11
Added Net: Name=DB3
Added Pin To Net: NetName=DB4 Pin=U2-10
Added Net: Name=DB4
Added Pin To Net: NetName=DB5 Pin=U2-9
Added Net: Name=DB5
Added Pin To Net: NetName=DB6 Pin=U2-8
Added Net: Name=DB6
Added Pin To Net: NetName=DB7 Pin=U2-7
Added Net: Name=DB7
Added Net: Name=DM1
Added Net: Name=DM2
Added Net: Name=DM3
Added Net: Name=DM4
Added Net: Name=DM5
Added Net: Name=DM6
Added Net: Name=DM7
Added Net: Name=DP1
Added Net: Name=DP2
Added Net: Name=DP3
Added Net: Name=DP4
Added Net: Name=DP5
Added Net: Name=DP6
Added Net: Name=DP7
Added Pin To Net: NetName=DTR Pin=C9-1
Added Net: Name=DTR
Added Pin To Net: NetName=GND Pin=C1-1
Added Pin To Net: NetName=GND Pin=C1-1
Added Pin To Net: NetName=GND Pin=C2-1
Added Pin To Net: NetName=GND Pin=C2-1
Added Pin To Net: NetName=GND Pin=C3-1
Added Pin To Net: NetName=GND Pin=C3-1
Added Pin To Net: NetName=GND Pin=C4-1
Added Pin To Net: NetName=GND Pin=C4-1
Added Pin To Net: NetName=GND Pin=C5-1
Added Pin To Net: NetName=GND Pin=C6-1
Added Pin To Net: NetName=GND Pin=C7-2
Added Pin To Net: NetName=GND Pin=C8-1
Added Pin To Net: NetName=GND Pin=C10-1
Added Pin To Net: NetName=GND Pin=C11-1
Added Pin To Net: NetName=GND Pin=R1-1
Added Pin To Net: NetName=GND Pin=U2-20
Added Net: Name=GND
Added Pin To Net: NetName=M8RX Pin=R5-1
Added Net: Name=M8RX
Added Pin To Net: NetName=M8TX Pin=R6-1
Added Net: Name=M8TX
Added Pin To Net: NetName=NetD1_2 Pin=R3-1
Added Net: Name=NetD1_2
Added Pin To Net: NetName=NetD2_2 Pin=R4-1
Added Net: Name=NetD2_2
Added Pin To Net: NetName=NetR1_1 Pin=R1-1
Added Pin To Net: NetName=NetR1_1 Pin=Y1-1
Added Net: Name=NetR1_1
Added Pin To Net: NetName=NetR1_2 Pin=R1-2
Added Net: Name=NetR1_2
Added Pin To Net: NetName=NetR3_2 Pin=R3-2
Added Net: Name=NetR3_2
Added Pin To Net: NetName=OVCJ Pin=R2-2
Added Net: Name=OVCJ
Added Pin To Net: NetName=PE0 Pin=R5-2
Added Net: Name=PE0
Added Pin To Net: NetName=PE1 Pin=R6-2
Added Net: Name=PE1
Added Pin To Net: NetName=RESET Pin=C5-2
Added Pin To Net: NetName=RESET Pin=C9-2
Added Pin To Net: NetName=RESET Pin=R2-1
Added Pin To Net: NetName=RESET Pin=U2-15
Added Net: Name=RESET
Added Pin To Net: NetName=RS Pin=U2-17
Added Net: Name=RS
Added Net: Name=RX
Added Net: Name=TX
Added Pin To Net: NetName=USBVCC Pin=C7-1
Added Pin To Net: NetName=USBVCC Pin=D3-1
Added Pin To Net: NetName=USBVCC Pin=R2-1
Added Pin To Net: NetName=USBVCC Pin=R3-1
Added Net: Name=USBVCC
Added Pin To Net: NetName=VD18 Pin=C4-2
Added Net: Name=VD18
Added Pin To Net: NetName=VD33 Pin=C3-2
Added Net: Name=VD33
Added Pin To Net: NetName=WR Pin=U2-16
Added Net: Name=WR
Added Pin To Net: NetName=XIN Pin=C2-2
Added Pin To Net: NetName=XIN Pin=Y1-2
Added Net: Name=XIN
Added Pin To Net: NetName=XOUT Pin=C1-2
Added Pin To Net: NetName=XOUT Pin=Y1-1
Added Net: Name=XOUT
Added Pin To Net: NetName=XTAL1 Pin=Y1-2
Added Net: Name=XTAL1
Added Class: Name=main sheet
Added Class: Name=U_USB Hub
Added Class: Name=USB
Added Room: Name=main sheet
Added Room: Name=U_USB Hub
Added Room: Name=USB
