Removed Pin From Net: NetName=1S Pin=C5-2
Removed Pin From Net: NetName=2S Pin=C6-2
Removed Pin From Net: NetName=3S Pin=C7-2
Removed Pin From Net: NetName=4S Pin=C8-2
Removed Pin From Net: NetName=5S Pin=C9-2
Removed Pin From Net: NetName=6S Pin=C10-2
Removed Pin From Net: NetName=7S Pin=C11-2
Removed Pin From Net: NetName=8S Pin=C12-2
Removed Pin From Net: NetName=9S Pin=C13-2
Removed Pin From Net: NetName=10S Pin=C14-2
Removed Pin From Net: NetName=11S Pin=C15-2
Removed Pin From Net: NetName=12S Pin=C16-2
Removed Pin From Net: NetName=13S Pin=C17-2
Removed Pin From Net: NetName=14S Pin=C18-2
Removed Pin From Net: NetName=15S Pin=C19-2
Removed Pin From Net: NetName=16S Pin=C20-2
Removed Pin From Net: NetName=1S Pin=TS1-1
Removed Pin From Net: NetName=2S Pin=TS2-1
Removed Pin From Net: NetName=3S Pin=TS3-1
Removed Pin From Net: NetName=4S Pin=TS4-1
Removed Pin From Net: NetName=5S Pin=TS5-1
Removed Pin From Net: NetName=6S Pin=TS6-1
Removed Pin From Net: NetName=7S Pin=TS7-1
Removed Pin From Net: NetName=8S Pin=TS8-1
Removed Pin From Net: NetName=9S Pin=TS9-1
Removed Pin From Net: NetName=10S Pin=TS10-1
Removed Pin From Net: NetName=11S Pin=TS11-1
Removed Pin From Net: NetName=12S Pin=TS12-1
Removed Pin From Net: NetName=13S Pin=TS13-1
Removed Pin From Net: NetName=14S Pin=TS14-1
Removed Pin From Net: NetName=15S Pin=TS15-1
Removed Pin From Net: NetName=16S Pin=TS16-1
Added Component: Designator=R5(res0805)
Add component. Clean all parameters for all variants
Added Component: Designator=R6(res0805)
Add component. Clean all parameters for all variants
Added Component: Designator=R7(res0805)
Add component. Clean all parameters for all variants
Added Component: Designator=R8(res0805)
Add component. Clean all parameters for all variants
Added Component: Designator=R9(res0805)
Add component. Clean all parameters for all variants
Added Component: Designator=R10(res0805)
Add component. Clean all parameters for all variants
Added Component: Designator=R11(res0805)
Add component. Clean all parameters for all variants
Added Component: Designator=R12(res0805)
Add component. Clean all parameters for all variants
Added Component: Designator=R13(res0805)
Add component. Clean all parameters for all variants
Added Component: Designator=R14(res0805)
Add component. Clean all parameters for all variants
Added Component: Designator=R15(res0805)
Add component. Clean all parameters for all variants
Added Component: Designator=R16(res0805)
Add component. Clean all parameters for all variants
Added Component: Designator=R17(res0805)
Add component. Clean all parameters for all variants
Added Component: Designator=R18(res0805)
Add component. Clean all parameters for all variants
Added Component: Designator=R19(res0805)
Add component. Clean all parameters for all variants
Added Component: Designator=R20(res0805)
Add component. Clean all parameters for all variants
Added Pin To Net: NetName=4S Pin=C5-2
Added Pin To Net: NetName=1S Pin=C6-2
Added Pin To Net: NetName=2S Pin=C7-2
Added Pin To Net: NetName=3S Pin=C8-2
Added Pin To Net: NetName=8S Pin=C9-2
Added Pin To Net: NetName=5S Pin=C10-2
Added Pin To Net: NetName=6S Pin=C11-2
Added Pin To Net: NetName=7S Pin=C12-2
Added Pin To Net: NetName=12S Pin=C13-2
Added Pin To Net: NetName=9S Pin=C14-2
Added Pin To Net: NetName=10S Pin=C15-2
Added Pin To Net: NetName=11S Pin=C16-2
Added Pin To Net: NetName=16S Pin=C17-2
Added Pin To Net: NetName=13S Pin=C18-2
Added Pin To Net: NetName=14S Pin=C19-2
Added Pin To Net: NetName=15S Pin=C20-2
Added Pin To Net: NetName=4S Pin=R5-1
Added Pin To Net: NetName=1S Pin=R6-1
Added Pin To Net: NetName=2S Pin=R7-1
Added Pin To Net: NetName=3S Pin=R8-1
Added Pin To Net: NetName=8S Pin=R9-1
Added Pin To Net: NetName=5S Pin=R10-1
Added Pin To Net: NetName=6S Pin=R11-1
Added Pin To Net: NetName=7S Pin=R12-1
Added Pin To Net: NetName=12S Pin=R13-1
Added Pin To Net: NetName=9S Pin=R14-1
Added Pin To Net: NetName=10S Pin=R15-1
Added Pin To Net: NetName=11S Pin=R16-1
Added Pin To Net: NetName=16S Pin=R17-1
Added Pin To Net: NetName=13S Pin=R18-1
Added Pin To Net: NetName=14S Pin=R19-1
Added Pin To Net: NetName=15S Pin=R20-1
Added Pin To Net: NetName=NetR5_2 Pin=R5-2
Added Pin To Net: NetName=NetR5_2 Pin=TS1-1
Added Net: Name=NetR5_2
Added Pin To Net: NetName=NetR6_2 Pin=R6-2
Added Pin To Net: NetName=NetR6_2 Pin=TS2-1
Added Net: Name=NetR6_2
Added Pin To Net: NetName=NetR7_2 Pin=R7-2
Added Pin To Net: NetName=NetR7_2 Pin=TS3-1
Added Net: Name=NetR7_2
Added Pin To Net: NetName=NetR8_2 Pin=R8-2
Added Pin To Net: NetName=NetR8_2 Pin=TS4-1
Added Net: Name=NetR8_2
Added Pin To Net: NetName=NetR9_2 Pin=R9-2
Added Pin To Net: NetName=NetR9_2 Pin=TS5-1
Added Net: Name=NetR9_2
Added Pin To Net: NetName=NetR10_2 Pin=R10-2
Added Pin To Net: NetName=NetR10_2 Pin=TS6-1
Added Net: Name=NetR10_2
Added Pin To Net: NetName=NetR11_2 Pin=R11-2
Added Pin To Net: NetName=NetR11_2 Pin=TS7-1
Added Net: Name=NetR11_2
Added Pin To Net: NetName=NetR12_2 Pin=R12-2
Added Pin To Net: NetName=NetR12_2 Pin=TS8-1
Added Net: Name=NetR12_2
Added Pin To Net: NetName=NetR13_2 Pin=R13-2
Added Pin To Net: NetName=NetR13_2 Pin=TS9-1
Added Net: Name=NetR13_2
Added Pin To Net: NetName=NetR14_2 Pin=R14-2
Added Pin To Net: NetName=NetR14_2 Pin=TS10-1
Added Net: Name=NetR14_2
Added Pin To Net: NetName=NetR15_2 Pin=R15-2
Added Pin To Net: NetName=NetR15_2 Pin=TS11-1
Added Net: Name=NetR15_2
Added Pin To Net: NetName=NetR16_2 Pin=R16-2
Added Pin To Net: NetName=NetR16_2 Pin=TS12-1
Added Net: Name=NetR16_2
Added Pin To Net: NetName=NetR17_2 Pin=R17-2
Added Pin To Net: NetName=NetR17_2 Pin=TS13-1
Added Net: Name=NetR17_2
Added Pin To Net: NetName=NetR18_2 Pin=R18-2
Added Pin To Net: NetName=NetR18_2 Pin=TS14-1
Added Net: Name=NetR18_2
Added Pin To Net: NetName=NetR19_2 Pin=R19-2
Added Pin To Net: NetName=NetR19_2 Pin=TS15-1
Added Net: Name=NetR19_2
Added Pin To Net: NetName=NetR20_2 Pin=R20-2
Added Pin To Net: NetName=NetR20_2 Pin=TS16-1
Added Net: Name=NetR20_2
Added Member To Class: ClassName=U_Sensors Member=Component C10 Value
Added Member To Class: ClassName=U_Sensors Member=Component R5 Value
Added Member To Class: ClassName=U_Sensors Member=Component R6 Value
Added Member To Class: ClassName=U_Sensors Member=Component R7 Value
Added Member To Class: ClassName=U_Sensors Member=Component R8 Value
Added Member To Class: ClassName=U_Sensors Member=Component R9 Value
Added Member To Class: ClassName=U_Sensors Member=Component R10 Value
Added Member To Class: ClassName=U_Sensors Member=Component R11 Value
Added Member To Class: ClassName=U_Sensors Member=Component R12 Value
Added Member To Class: ClassName=U_Sensors Member=Component R13 Value
Added Member To Class: ClassName=U_Sensors Member=Component R14 Value
Added Member To Class: ClassName=U_Sensors Member=Component R15 Value
Added Member To Class: ClassName=U_Sensors Member=Component R16 Value
Added Member To Class: ClassName=U_Sensors Member=Component R17 Value
Added Member To Class: ClassName=U_Sensors Member=Component R18 Value
Added Member To Class: ClassName=U_Sensors Member=Component R19 Value
Added Member To Class: ClassName=U_Sensors Member=Component R20 Value
Added Room: Name=MK
Added Room: Name=U_Sensors
