Removed Pin From Net: NetName=1S Pin=R5-1
Removed Pin From Net: NetName=+5 Pin=R5-2
Removed Pin From Net: NetName=2S Pin=R6-1
Removed Pin From Net: NetName=+5 Pin=R6-2
Removed Pin From Net: NetName=3S Pin=R7-1
Removed Pin From Net: NetName=+5 Pin=R7-2
Removed Pin From Net: NetName=4S Pin=R8-1
Removed Pin From Net: NetName=+5 Pin=R8-2
Removed Pin From Net: NetName=5S Pin=R9-1
Removed Pin From Net: NetName=+5 Pin=R9-2
Removed Pin From Net: NetName=6S Pin=R10-1
Removed Pin From Net: NetName=+5 Pin=R10-2
Removed Pin From Net: NetName=7S Pin=R11-1
Removed Pin From Net: NetName=+5 Pin=R11-2
Removed Pin From Net: NetName=8S Pin=R12-1
Removed Pin From Net: NetName=+5 Pin=R12-2
Removed Pin From Net: NetName=9S Pin=R13-1
Removed Pin From Net: NetName=+5 Pin=R13-2
Removed Pin From Net: NetName=10S Pin=R14-1
Removed Pin From Net: NetName=+5 Pin=R14-2
Removed Pin From Net: NetName=11S Pin=R15-1
Removed Pin From Net: NetName=+5 Pin=R15-2
Removed Pin From Net: NetName=12S Pin=R16-1
Removed Pin From Net: NetName=+5 Pin=R16-2
Removed Pin From Net: NetName=13S Pin=R17-1
Removed Pin From Net: NetName=+5 Pin=R17-2
Removed Pin From Net: NetName=14S Pin=R18-1
Removed Pin From Net: NetName=+5 Pin=R18-2
Removed Pin From Net: NetName=15S Pin=R19-1
Removed Pin From Net: NetName=+5 Pin=R19-2
Removed Pin From Net: NetName=16S Pin=R20-1
Removed Pin From Net: NetName=+5 Pin=R20-2
Removed Pin From Net: NetName=T1 Pin=U6-1
Removed Pin From Net: NetName=+5 Pin=U6-2
Removed Pin From Net: NetName=GND Pin=U6-3
Removed Pin From Net: NetName=T2 Pin=U7-1
Removed Pin From Net: NetName=+5 Pin=U7-2
Removed Pin From Net: NetName=GND Pin=U7-3
Removed Pin From Net: NetName=T3 Pin=U8-1
Removed Pin From Net: NetName=+5 Pin=U8-2
Removed Pin From Net: NetName=GND Pin=U8-3
Removed Pin From Net: NetName=T4 Pin=U9-1
Removed Pin From Net: NetName=+5 Pin=U9-2
Removed Pin From Net: NetName=GND Pin=U9-3
Removed Pin From Net: NetName=T5 Pin=U10-1
Removed Pin From Net: NetName=+5 Pin=U10-2
Removed Pin From Net: NetName=GND Pin=U10-3
Removed Pin From Net: NetName=T6 Pin=U11-1
Removed Pin From Net: NetName=+5 Pin=U11-2
Removed Pin From Net: NetName=GND Pin=U11-3
Removed Pin From Net: NetName=T7 Pin=U12-1
Removed Pin From Net: NetName=+5 Pin=U12-2
Removed Pin From Net: NetName=GND Pin=U12-3
Removed Pin From Net: NetName=T8 Pin=U13-1
Removed Pin From Net: NetName=+5 Pin=U13-2
Removed Pin From Net: NetName=GND Pin=U13-3
Removed Pin From Net: NetName=1S Pin=VT1-1
Removed Pin From Net: NetName=GND Pin=VT1-2
Removed Pin From Net: NetName=2S Pin=VT2-1
Removed Pin From Net: NetName=GND Pin=VT2-2
Removed Pin From Net: NetName=3S Pin=VT3-1
Removed Pin From Net: NetName=GND Pin=VT3-2
Removed Pin From Net: NetName=4S Pin=VT4-1
Removed Pin From Net: NetName=GND Pin=VT4-2
Removed Pin From Net: NetName=5S Pin=VT5-1
Removed Pin From Net: NetName=GND Pin=VT5-2
Removed Pin From Net: NetName=6S Pin=VT6-1
Removed Pin From Net: NetName=GND Pin=VT6-2
Removed Pin From Net: NetName=7S Pin=VT7-1
Removed Pin From Net: NetName=GND Pin=VT7-2
Removed Pin From Net: NetName=8S Pin=VT8-1
Removed Pin From Net: NetName=GND Pin=VT8-2
Removed Pin From Net: NetName=9S Pin=VT9-1
Removed Pin From Net: NetName=GND Pin=VT9-2
Removed Pin From Net: NetName=10S Pin=VT10-1
Removed Pin From Net: NetName=GND Pin=VT10-2
Removed Pin From Net: NetName=11S Pin=VT11-1
Removed Pin From Net: NetName=GND Pin=VT11-2
Removed Pin From Net: NetName=12S Pin=VT12-1
Removed Pin From Net: NetName=GND Pin=VT12-2
Removed Pin From Net: NetName=13S Pin=VT13-1
Removed Pin From Net: NetName=GND Pin=VT13-2
Removed Pin From Net: NetName=14S Pin=VT14-1
Removed Pin From Net: NetName=GND Pin=VT14-2
Removed Pin From Net: NetName=15S Pin=VT15-1
Removed Pin From Net: NetName=GND Pin=VT15-2
Removed Pin From Net: NetName=16S Pin=VT16-1
Removed Pin From Net: NetName=GND Pin=VT16-2
Removed Member From Class: ClassName=U_Sensors Member=R5
Removed Member From Class: ClassName=U_Sensors Member=R6
Removed Member From Class: ClassName=U_Sensors Member=R7
Removed Member From Class: ClassName=U_Sensors Member=R8
Removed Member From Class: ClassName=U_Sensors Member=R9
Removed Member From Class: ClassName=U_Sensors Member=R10
Removed Member From Class: ClassName=U_Sensors Member=R11
Removed Member From Class: ClassName=U_Sensors Member=R12
Removed Member From Class: ClassName=U_Sensors Member=R13
Removed Member From Class: ClassName=U_Sensors Member=R14
Removed Member From Class: ClassName=U_Sensors Member=R15
Removed Member From Class: ClassName=U_Sensors Member=R16
Removed Member From Class: ClassName=U_Sensors Member=R17
Removed Member From Class: ClassName=U_Sensors Member=R18
Removed Member From Class: ClassName=U_Sensors Member=R19
Removed Member From Class: ClassName=U_Sensors Member=R20
Removed Member From Class: ClassName=U_Sensors Member=U6
Removed Member From Class: ClassName=U_Sensors Member=U7
Removed Member From Class: ClassName=U_Sensors Member=U8
Removed Member From Class: ClassName=U_Sensors Member=U9
Removed Member From Class: ClassName=U_Sensors Member=U10
Removed Member From Class: ClassName=U_Sensors Member=U11
Removed Member From Class: ClassName=U_Sensors Member=U12
Removed Member From Class: ClassName=U_Sensors Member=U13
Removed Member From Class: ClassName=U_Sensors Member=VT1
Removed Member From Class: ClassName=U_Sensors Member=VT2
Removed Member From Class: ClassName=U_Sensors Member=VT3
Removed Member From Class: ClassName=U_Sensors Member=VT4
Removed Member From Class: ClassName=U_Sensors Member=VT5
Removed Member From Class: ClassName=U_Sensors Member=VT6
Removed Member From Class: ClassName=U_Sensors Member=VT7
Removed Member From Class: ClassName=U_Sensors Member=VT8
Removed Member From Class: ClassName=U_Sensors Member=VT9
Removed Member From Class: ClassName=U_Sensors Member=VT10
Removed Member From Class: ClassName=U_Sensors Member=VT11
Removed Member From Class: ClassName=U_Sensors Member=VT12
Removed Member From Class: ClassName=U_Sensors Member=VT13
Removed Member From Class: ClassName=U_Sensors Member=VT14
Removed Member From Class: ClassName=U_Sensors Member=VT15
Removed Member From Class: ClassName=U_Sensors Member=VT16
Change Component Designator: OldDesignator=*1 NewDesignator=U6
Added Component: Designator=C5(cap0805)
Add component. Clean all parameters for all variants
Added Component: Designator=C6(cap0805)
Add component. Clean all parameters for all variants
Added Component: Designator=C7(cap0805)
Add component. Clean all parameters for all variants
Added Component: Designator=C8(cap0805)
Add component. Clean all parameters for all variants
Added Component: Designator=C9(cap0805)
Add component. Clean all parameters for all variants
Added Component: Designator=C10(cap0805)
Add component. Clean all parameters for all variants
Added Component: Designator=C11(cap0805)
Add component. Clean all parameters for all variants
Added Component: Designator=C12(cap0805)
Add component. Clean all parameters for all variants
Added Component: Designator=C13(cap0805)
Add component. Clean all parameters for all variants
Added Component: Designator=C14(cap0805)
Add component. Clean all parameters for all variants
Added Component: Designator=C15(cap0805)
Add component. Clean all parameters for all variants
Added Component: Designator=C16(cap0805)
Add component. Clean all parameters for all variants
Added Component: Designator=C17(cap0805)
Add component. Clean all parameters for all variants
Added Component: Designator=C18(cap0805)
Add component. Clean all parameters for all variants
Added Component: Designator=C19(cap0805)
Add component. Clean all parameters for all variants
Added Component: Designator=C20(cap0805)
Add component. Clean all parameters for all variants
Added Component: Designator=TS1(TSOP2240)
Add component. Clean all parameters for all variants
Added Component: Designator=TS2(TSOP2240)
Add component. Clean all parameters for all variants
Added Component: Designator=TS3(TSOP2240)
Add component. Clean all parameters for all variants
Added Component: Designator=TS4(TSOP2240)
Add component. Clean all parameters for all variants
Added Component: Designator=TS5(TSOP2240)
Add component. Clean all parameters for all variants
Added Component: Designator=TS6(TSOP2240)
Add component. Clean all parameters for all variants
Added Component: Designator=TS7(TSOP2240)
Add component. Clean all parameters for all variants
Added Component: Designator=TS8(TSOP2240)
Add component. Clean all parameters for all variants
Added Component: Designator=TS9(TSOP2240)
Add component. Clean all parameters for all variants
Added Component: Designator=TS10(TSOP2240)
Add component. Clean all parameters for all variants
Added Component: Designator=TS11(TSOP2240)
Add component. Clean all parameters for all variants
Added Component: Designator=TS12(TSOP2240)
Add component. Clean all parameters for all variants
Added Component: Designator=TS13(TSOP2240)
Add component. Clean all parameters for all variants
Added Component: Designator=TS14(TSOP2240)
Add component. Clean all parameters for all variants
Added Component: Designator=TS15(TSOP2240)
Add component. Clean all parameters for all variants
Added Component: Designator=TS16(TSOP2240)
Add component. Clean all parameters for all variants
Added Pin To Net: NetName=GND Pin=C5-1
Added Pin To Net: NetName=1S Pin=C5-2
Added Pin To Net: NetName=GND Pin=C6-1
Added Pin To Net: NetName=2S Pin=C6-2
Added Pin To Net: NetName=GND Pin=C7-1
Added Pin To Net: NetName=3S Pin=C7-2
Added Pin To Net: NetName=GND Pin=C8-1
Added Pin To Net: NetName=4S Pin=C8-2
Added Pin To Net: NetName=GND Pin=C9-1
Added Pin To Net: NetName=5S Pin=C9-2
Added Pin To Net: NetName=GND Pin=C10-1
Added Pin To Net: NetName=6S Pin=C10-2
Added Pin To Net: NetName=GND Pin=C11-1
Added Pin To Net: NetName=7S Pin=C11-2
Added Pin To Net: NetName=GND Pin=C12-1
Added Pin To Net: NetName=8S Pin=C12-2
Added Pin To Net: NetName=GND Pin=C13-1
Added Pin To Net: NetName=9S Pin=C13-2
Added Pin To Net: NetName=GND Pin=C14-1
Added Pin To Net: NetName=10S Pin=C14-2
Added Pin To Net: NetName=GND Pin=C15-1
Added Pin To Net: NetName=11S Pin=C15-2
Added Pin To Net: NetName=GND Pin=C16-1
Added Pin To Net: NetName=12S Pin=C16-2
Added Pin To Net: NetName=GND Pin=C17-1
Added Pin To Net: NetName=13S Pin=C17-2
Added Pin To Net: NetName=GND Pin=C18-1
Added Pin To Net: NetName=14S Pin=C18-2
Added Pin To Net: NetName=GND Pin=C19-1
Added Pin To Net: NetName=15S Pin=C19-2
Added Pin To Net: NetName=GND Pin=C20-1
Added Pin To Net: NetName=16S Pin=C20-2
Added Pin To Net: NetName=1S Pin=TS1-1
Added Pin To Net: NetName=+5 Pin=TS1-2
Added Pin To Net: NetName=GND Pin=TS1-3
Added Pin To Net: NetName=2S Pin=TS2-1
Added Pin To Net: NetName=+5 Pin=TS2-2
Added Pin To Net: NetName=GND Pin=TS2-3
Added Pin To Net: NetName=3S Pin=TS3-1
Added Pin To Net: NetName=+5 Pin=TS3-2
Added Pin To Net: NetName=GND Pin=TS3-3
Added Pin To Net: NetName=4S Pin=TS4-1
Added Pin To Net: NetName=+5 Pin=TS4-2
Added Pin To Net: NetName=GND Pin=TS4-3
Added Pin To Net: NetName=5S Pin=TS5-1
Added Pin To Net: NetName=+5 Pin=TS5-2
Added Pin To Net: NetName=GND Pin=TS5-3
Added Pin To Net: NetName=6S Pin=TS6-1
Added Pin To Net: NetName=+5 Pin=TS6-2
Added Pin To Net: NetName=GND Pin=TS6-3
Added Pin To Net: NetName=7S Pin=TS7-1
Added Pin To Net: NetName=+5 Pin=TS7-2
Added Pin To Net: NetName=GND Pin=TS7-3
Added Pin To Net: NetName=8S Pin=TS8-1
Added Pin To Net: NetName=+5 Pin=TS8-2
Added Pin To Net: NetName=GND Pin=TS8-3
Added Pin To Net: NetName=9S Pin=TS9-1
Added Pin To Net: NetName=+5 Pin=TS9-2
Added Pin To Net: NetName=GND Pin=TS9-3
Added Pin To Net: NetName=10S Pin=TS10-1
Added Pin To Net: NetName=+5 Pin=TS10-2
Added Pin To Net: NetName=GND Pin=TS10-3
Added Pin To Net: NetName=11S Pin=TS11-1
Added Pin To Net: NetName=+5 Pin=TS11-2
Added Pin To Net: NetName=GND Pin=TS11-3
Added Pin To Net: NetName=12S Pin=TS12-1
Added Pin To Net: NetName=+5 Pin=TS12-2
Added Pin To Net: NetName=GND Pin=TS12-3
Added Pin To Net: NetName=13S Pin=TS13-1
Added Pin To Net: NetName=+5 Pin=TS13-2
Added Pin To Net: NetName=GND Pin=TS13-3
Added Pin To Net: NetName=14S Pin=TS14-1
Added Pin To Net: NetName=+5 Pin=TS14-2
Added Pin To Net: NetName=GND Pin=TS14-3
Added Pin To Net: NetName=15S Pin=TS15-1
Added Pin To Net: NetName=+5 Pin=TS15-2
Added Pin To Net: NetName=GND Pin=TS15-3
Added Pin To Net: NetName=16S Pin=TS16-1
Added Pin To Net: NetName=+5 Pin=TS16-2
Added Pin To Net: NetName=GND Pin=TS16-3
Added Member To Class: ClassName=U_Sensors Member=Component C5 Value
Added Member To Class: ClassName=U_Sensors Member=Component C6 Value
Added Member To Class: ClassName=U_Sensors Member=Component C7 Value
Added Member To Class: ClassName=U_Sensors Member=Component C8 Value
Added Member To Class: ClassName=U_Sensors Member=Component C9 Value
Added Member To Class: ClassName=U_Sensors Member=Component C10 Value
Added Member To Class: ClassName=U_Sensors Member=Component C11 Value
Added Member To Class: ClassName=U_Sensors Member=Component C12 Value
Added Member To Class: ClassName=U_Sensors Member=Component C13 Value
Added Member To Class: ClassName=U_Sensors Member=Component C14 Value
Added Member To Class: ClassName=U_Sensors Member=Component C15 Value
Added Member To Class: ClassName=U_Sensors Member=Component C16 Value
Added Member To Class: ClassName=U_Sensors Member=Component C17 Value
Added Member To Class: ClassName=U_Sensors Member=Component C18 Value
Added Member To Class: ClassName=U_Sensors Member=Component C19 Value
Added Member To Class: ClassName=U_Sensors Member=Component C20 Value
Added Member To Class: ClassName=U_Sensors Member=Component TS1 TSOP2240
Added Member To Class: ClassName=U_Sensors Member=Component TS2 TSOP2240
Added Member To Class: ClassName=U_Sensors Member=Component TS3 TSOP2240
Added Member To Class: ClassName=U_Sensors Member=Component TS4 TSOP2240
Added Member To Class: ClassName=U_Sensors Member=Component TS5 TSOP2240
Added Member To Class: ClassName=U_Sensors Member=Component TS6 TSOP2240
Added Member To Class: ClassName=U_Sensors Member=Component TS7 TSOP2240
Added Member To Class: ClassName=U_Sensors Member=Component TS8 TSOP2240
Added Member To Class: ClassName=U_Sensors Member=Component TS9 TSOP2240
Added Member To Class: ClassName=U_Sensors Member=Component TS10 TSOP2240
Added Member To Class: ClassName=U_Sensors Member=Component TS11 TSOP2240
Added Member To Class: ClassName=U_Sensors Member=Component TS12 TSOP2240
Added Member To Class: ClassName=U_Sensors Member=Component TS13 TSOP2240
Added Member To Class: ClassName=U_Sensors Member=Component TS14 TSOP2240
Added Member To Class: ClassName=U_Sensors Member=Component TS15 TSOP2240
Added Member To Class: ClassName=U_Sensors Member=Component TS16 TSOP2240
Added Room: Name=MK
Added Room: Name=U_Sensors
