Removed Member From Class: ClassName=MK Member=U7
Removed Member From Class: ClassName=MK Member=U8
Change Component Footprint: Designator=U4 Old Footprint=4x1.27 New Footprint=CON: PLS-4
Change Component Footprint: Designator=U2 Old Footprint=5x1.27 New Footprint=5x2.54
Change Component Footprint: Designator=C2 Old Footprint=cap0402 New Footprint=cap0603
Change Component Footprint: Designator=R1 Old Footprint=res0402 New Footprint=res0603
Change Component Footprint: Designator=R4 Old Footprint=res0402 New Footprint=res0603
Change Component Footprint: Designator=R5 Old Footprint=res0402 New Footprint=res0603
Change Component Footprint: Designator=R6 Old Footprint=res0402 New Footprint=res0603
Change Component Footprint: Designator=R7 Old Footprint=res0402 New Footprint=res0603
Change Component Footprint: Designator=R8 Old Footprint=res0402 New Footprint=res0603
Change Component Footprint: Designator=R9 Old Footprint=res0402 New Footprint=res0603
Change Component Footprint: Designator=R10 Old Footprint=res0402 New Footprint=res0603
Change Component Footprint: Designator=R11 Old Footprint=res0402 New Footprint=res0603
Change Component Footprint: Designator=R12 Old Footprint=res0402 New Footprint=res0603
Change Component Footprint: Designator=R13 Old Footprint=res0402 New Footprint=res0603
Change Component Footprint: Designator=R14 Old Footprint=res0402 New Footprint=res0603
Change Component Footprint: Designator=R15 Old Footprint=res0402 New Footprint=res0603
Change Component Footprint: Designator=R16 Old Footprint=res0402 New Footprint=res0603
Change Component Footprint: Designator=R17 Old Footprint=res0402 New Footprint=res0603
Change Component Footprint: Designator=R18 Old Footprint=res0402 New Footprint=res0603
Change Component Footprint: Designator=R19 Old Footprint=res0402 New Footprint=res0603
Change Component Footprint: Designator=R20 Old Footprint=res0402 New Footprint=res0603
Added Component: Designator=U1(5x2.54)
Add component. Clean all parameters for all variants
Added Component: Designator=U3(4x1.25)
Add component. Clean all parameters for all variants
Added Pin To Net: NetName=GND Pin=U1-1
Added Pin To Net: NetName=TX Pin=U1-2
Added Pin To Net: NetName=RX Pin=U1-3
Added Pin To Net: NetName=NetC1_1 Pin=U1-4
Added Pin To Net: NetName=+5 Pin=U1-5
Added Pin To Net: NetName=GND Pin=U3-1
Added Pin To Net: NetName=SDA Pin=U3-2
Added Pin To Net: NetName=SCL Pin=U3-3
Added Pin To Net: NetName=+5 Pin=U3-4
Added Member To Class: ClassName=MK Member=Component U1 Header 5
Added Member To Class: ClassName=MK Member=Component U3 Header 4
PCB-ECO: Change Pad Pin/Pkg Length: Old=2mm New=0mm
PCB-ECO: Change Pad Pin/Pkg Length: Old=2mm New=0mm
PCB-ECO: Change Pad Pin/Pkg Length: Old=2mm New=0mm
PCB-ECO: Change Pad Pin/Pkg Length: Old=2mm New=0mm
PCB-ECO: Change Pad Pin/Pkg Length: Old=0mm New=2mm
PCB-ECO: Change Pad Pin/Pkg Length: Old=0mm New=2mm
PCB-ECO: Change Pad Pin/Pkg Length: Old=0mm New=2mm
