Replace Part C1 Cap SMD in C:\Users\Alex\Dropbox\Altium Designer 2018\Mother board\main sheet.SchDoc with Cap SMD from AlexChistiakov.SchLib
Replace Part C3 Cap SMD in C:\Users\Alex\Dropbox\Altium Designer 2018\Mother board\main sheet.SchDoc with Cap SMD from AlexChistiakov.SchLib
Replace Part C4 Cap SMD in C:\Users\Alex\Dropbox\Altium Designer 2018\Mother board\main sheet.SchDoc with Cap SMD from AlexChistiakov.SchLib
Replace Part C5 Cap SMD in C:\Users\Alex\Dropbox\Altium Designer 2018\Mother board\main sheet.SchDoc with Cap SMD from AlexChistiakov.SchLib
Replace Part C6 Cap SMD in C:\Users\Alex\Dropbox\Altium Designer 2018\Mother board\main sheet.SchDoc with Cap SMD from AlexChistiakov.SchLib
Replace Part C7 Cap SMD in C:\Users\Alex\Dropbox\Altium Designer 2018\Mother board\main sheet.SchDoc with Cap SMD from AlexChistiakov.SchLib
Replace Part C8 Cap SMD in C:\Users\Alex\Dropbox\Altium Designer 2018\Mother board\main sheet.SchDoc with Cap SMD from AlexChistiakov.SchLib
Replace Part C9 Cap SMD in C:\Users\Alex\Dropbox\Altium Designer 2018\Mother board\main sheet.SchDoc with Cap SMD from AlexChistiakov.SchLib
Replace Part R1 Resistor SMD in C:\Users\Alex\Dropbox\Altium Designer 2018\Mother board\main sheet.SchDoc with Resistor SMD from AlexChistiakov.SchLib
Replace Part R2 Resistor SMD in C:\Users\Alex\Dropbox\Altium Designer 2018\Mother board\main sheet.SchDoc with Resistor SMD from AlexChistiakov.SchLib
Replace Part R3 Resistor SMD in C:\Users\Alex\Dropbox\Altium Designer 2018\Mother board\main sheet.SchDoc with Resistor SMD from AlexChistiakov.SchLib
Replace Part R4 Resistor SMD in C:\Users\Alex\Dropbox\Altium Designer 2018\Mother board\main sheet.SchDoc with Resistor SMD from AlexChistiakov.SchLib
Replace Part R5 Resistor SMD in C:\Users\Alex\Dropbox\Altium Designer 2018\Mother board\main sheet.SchDoc with Resistor SMD from AlexChistiakov.SchLib
Replace Part R6 Resistor SMD in C:\Users\Alex\Dropbox\Altium Designer 2018\Mother board\main sheet.SchDoc with Resistor SMD from AlexChistiakov.SchLib
Replace Part R7 Resistor SMD in C:\Users\Alex\Dropbox\Altium Designer 2018\Mother board\main sheet.SchDoc with Resistor SMD from AlexChistiakov.SchLib
Replace Part R8 Resistor SMD in C:\Users\Alex\Dropbox\Altium Designer 2018\Mother board\main sheet.SchDoc with Resistor SMD from AlexChistiakov.SchLib
Replace Part R9 Resistor SMD in C:\Users\Alex\Dropbox\Altium Designer 2018\Mother board\main sheet.SchDoc with Resistor SMD from AlexChistiakov.SchLib
Replace Part R10 Resistor SMD in C:\Users\Alex\Dropbox\Altium Designer 2018\Mother board\main sheet.SchDoc with Resistor SMD from AlexChistiakov.SchLib
Replace Part U1 ATmega2560-16AU in C:\Users\Alex\Dropbox\Altium Designer 2018\Mother board\main sheet.SchDoc with ATmega2560-16AU from Atmel Microcontroller 8-Bit megaAVR.IntLib
Replace Part U2 Power connectors in C:\Users\Alex\Dropbox\Altium Designer 2018\Mother board\main sheet.SchDoc with Power connectors from AlexChistiakov.SchLib
Replace Part U3 Header 8 in C:\Users\Alex\Dropbox\Altium Designer 2018\Mother board\main sheet.SchDoc with Header 8 from AlexChistiakov.SchLib
Replace Part U4 Power connectors in C:\Users\Alex\Dropbox\Altium Designer 2018\Mother board\main sheet.SchDoc with Power connectors from AlexChistiakov.SchLib
Replace Part U5 Header 4 in C:\Users\Alex\Dropbox\Altium Designer 2018\Mother board\main sheet.SchDoc with Header 4 from AlexChistiakov.SchLib
Replace Part U6 Header 2 in C:\Users\Alex\Dropbox\Altium Designer 2018\Mother board\main sheet.SchDoc with Header 2 from AlexChistiakov.SchLib
Replace Part U7 Header 4 in C:\Users\Alex\Dropbox\Altium Designer 2018\Mother board\main sheet.SchDoc with Header 4 from AlexChistiakov.SchLib
Replace Part U8 Header 2 in C:\Users\Alex\Dropbox\Altium Designer 2018\Mother board\main sheet.SchDoc with Header 2 from AlexChistiakov.SchLib
Replace Part U9 Header 2 in C:\Users\Alex\Dropbox\Altium Designer 2018\Mother board\main sheet.SchDoc with Header 2 from AlexChistiakov.SchLib
Replace Part U10 Header 2 in C:\Users\Alex\Dropbox\Altium Designer 2018\Mother board\main sheet.SchDoc with Header 2 from AlexChistiakov.SchLib
Replace Part U11 ZX62-B-5PA in C:\Users\Alex\Dropbox\Altium Designer 2018\Mother board\main sheet.SchDoc with ZX62-B-5PA from AlexChistiakov.SchLib
Replace Part U12 Header 2 in C:\Users\Alex\Dropbox\Altium Designer 2018\Mother board\main sheet.SchDoc with Header 2 from AlexChistiakov.SchLib
Replace Part U13 MCP1703T-3302E/CB in C:\Users\Alex\Dropbox\Altium Designer 2018\Mother board\main sheet.SchDoc with MCP1703T-3302E/CB from Microchip Power Mgt Line Regulator.IntLib
Replace Part VD1 LED in C:\Users\Alex\Dropbox\Altium Designer 2018\Mother board\main sheet.SchDoc with LED from Discrete.SchLib
