Remove Pin=C4-2 From Net=AREF
Remove Pin=C9-2 From Net=RESET
Remove Pin=D3-1 From Net=USBVCC
Remove Pin=R2-1 From Net=VBUS
Remove Pin=R2-2 From Net=OVCJ
Remove Pin=R5-1 From Net=M8RX
Remove Pin=R6-1 From Net=M8TX
Remove Pin=U1-A2 From Net=AREF
Remove Pin=U1-A4 From Net=RS
Remove Pin=U1-B2 From Net=DB4
Remove Pin=U1-B3 From Net=WR
Remove Pin=U1-B4 From Net=CS
Remove Pin=U1-C2 From Net=RX
Remove Pin=U1-C3 From Net=TX
Remove Pin=U1-E4 From Net=DB6
Remove Pin=U1-E5 From Net=DB0
Remove Pin=U1-F2 From Net=DB7
Remove Pin=U1-F3 From Net=DB1
Remove Pin=U1-G4 From Net=DB3
Remove Pin=U1-H2 From Net=DB2
Remove Pin=U1-H3 From Net=RESET
Remove Pin=U1-K1 From Net=DB5
Remove Pin=U2-6 From Net=+3V3
Remove Pin=U2-7 From Net=DB7
Remove Pin=U2-8 From Net=DB6
Remove Pin=U2-9 From Net=DB5
Remove Pin=U2-10 From Net=DB4
Remove Pin=U2-11 From Net=DB3
Remove Pin=U2-12 From Net=DB2
Remove Pin=U2-13 From Net=DB1
Remove Pin=U2-14 From Net=DB0
Remove Pin=U2-15 From Net=RESET
Remove Pin=U2-16 From Net=WR
Remove Pin=U2-17 From Net=RS
Remove Pin=U2-18 From Net=CS
Remove Pin=U3-1 From Net=M8RX
Remove Pin=U3-5 From Net=M8TX
Remove Pin=U3-15 From Net=D-
Remove Pin=U3-16 From Net=D+
Remove Pin=U?-17 From Net=DM4
Remove Pin=U?-18 From Net=DP4
Remove Pin=U?-20 From Net=DM3
Remove Pin=U?-21 From Net=DP3
Remove Pin=U?-23 From Net=DM2
Remove Pin=U?-24 From Net=DP2
Remove Pin=U?-26 From Net=DM1
Remove Pin=U?-27 From Net=DP1
Remove Pin=U?-38 From Net=DMU
Remove Pin=U?-39 From Net=DPU
Remove Pin=U?-41 From Net=DM5
Remove Pin=U?-42 From Net=DP5
Remove Pin=U?-44 From Net=DM6
Remove Pin=U?-45 From Net=DP6
Remove Pin=U?-47 From Net=DM7
Remove Pin=U?-48 From Net=DP7
