Change Component Designator: Old Designator=C2 New Designator=C3
Change Component Designator: Old Designator=C3 New Designator=C4
Change Component Designator: Old Designator=C4 New Designator=C5
Change Component Designator: Old Designator=C5 New Designator=C6
Change Component Designator: Old Designator=C6 New Designator=C7
Change Component Designator: Old Designator=C7 New Designator=C8
Change Component Designator: Old Designator=C8 New Designator=C9
Change Component Designator: Old Designator=C9 New Designator=C10
Change Component Designator: Old Designator=C10 New Designator=C11
Change Component Designator: Old Designator=C11 New Designator=C12
Change Component Designator: Old Designator=C? New Designator=C2
Change Component Designator: Old Designator=R1 New Designator=R2
Change Component Designator: Old Designator=R2 New Designator=R3
Change Component Designator: Old Designator=R3 New Designator=R1
Change Component Designator: Old Designator=R? New Designator=R11
Change Component Designator: Old Designator=SW? New Designator=SW1
Change Component Designator: Old Designator=U4 New Designator=U5
Change Component Designator: Old Designator=U5 New Designator=U6
Change Component Designator: Old Designator=U6 New Designator=U7
Change Component Designator: Old Designator=U7 New Designator=U8
Change Component Designator: Old Designator=U8 New Designator=U9
Change Component Designator: Old Designator=U9 New Designator=U10
Change Component Designator: Old Designator=U10 New Designator=U11
Change Component Designator: Old Designator=U? New Designator=U4
Change Component Designator: Old Designator=VD? New Designator=VD2
