Removed Pin From Net: NetName=GND Pin=C13-1
Removed Pin From Net: NetName=GND Pin=C16-1
Removed Pin From Net: NetName=GND Pin=C17-1
Removed Pin From Net: NetName=+5V_MD1 Pin=C17-2
Removed Pin From Net: NetName=BVM_IN Pin=C18-1
Removed Pin From Net: NetName=VOUT Pin=C19-1
Removed Pin From Net: NetName=GND Pin=C19-2
Removed Pin From Net: NetName=VMotor_MD1 Pin=C20-1
Removed Pin From Net: NetName=GND Pin=C20-2
Removed Pin From Net: NetName=GND Pin=C21-1
Removed Pin From Net: NetName=VMotor_MD1 Pin=C21-2
Removed Pin From Net: NetName=GND Pin=C22-1
Removed Pin From Net: NetName=VOUT Pin=C22-2
Removed Pin From Net: NetName=USBVCC Pin=D3-1
Removed Pin From Net: NetName=+5V_MD1 Pin=D3-2
Removed Pin From Net: NetName=VOUT Pin=D4-2
Removed Pin From Net: NetName=VMotor_MD1 Pin=L1-1
Removed Pin From Net: NetName=D- Pin=U16-15
Removed Pin From Net: NetName=D+ Pin=U16-16
Removed Pin From Net: NetName=GND Pin=U17-1
Removed Pin From Net: NetName=+5V_MD1 Pin=U17-3
Removed Pin From Net: NetName=GND Pin=U19-1
Removed Pin From Net: NetName=VMotor_MD1 Pin=U19-2
Removed Pin From Net: NetName=VMotor_MD1 Pin=U19-4
Removed Pin From Net: NetName=NetR19_1 Pin=U19-5
Removed Member From Class: ClassName=U_bvm Member=C14
Change Component Footprint: Designator=U6 Old Footprint=2x2.54 New Footprint=2x1.25
Change Component Footprint: Designator=U8 Old Footprint=2x2.54 New Footprint=2x1.25
Change Component Footprint: Designator=U9 Old Footprint=2x2.54 New Footprint=2x1.25
Change Component Footprint: Designator=U10 Old Footprint=2x2.54 New Footprint=2x1.25
Change Component Footprint: Designator=U12 Old Footprint=2x2.54 New Footprint=2x1.25
Change Component Footprint: Designator=C3 Old Footprint=cap0402 New Footprint=cap0603
Change Component Footprint: Designator=C9 Old Footprint=cap0603 New Footprint=cap0402
Change Component Footprint: Designator=C10 Old Footprint=cap0603 New Footprint=cap0402
Change Component Footprint: Designator=C18 Old Footprint=D6.6C6.6H6.1 New Footprint=cap0603
Change Component Footprint: Designator=R4 Old Footprint=res0402 New Footprint=res0603
Change Component Footprint: Designator=R2 Old Footprint=res0603 New Footprint=res0805
Change Component Footprint: Designator=R5 Old Footprint=res0603 New Footprint=res0805
Change Component Footprint: Designator=VT2 Old Footprint=SOT23-3_A New Footprint=SOT-89-MB3_N
Change Component Footprint: Designator=C17 Old Footprint=Tantal A New Footprint=cap0603
Change Component Footprint: Designator=C16 Old Footprint=Tantal A New Footprint=D8C3.2H12
Change Component Comment : Designator=C9 Old Comment=22p New Comment==Value
Change Component Comment : Designator=C10 Old Comment=22p New Comment==Value
Change Component Comment : Designator=C3 Old Comment==Value New Comment=0.1uF
Change Component Comment : Designator=C4 Old Comment==Value New Comment=0.1uF
Change Component Comment : Designator=C5 Old Comment==Value New Comment=0.1uF
Change Component Comment : Designator=C6 Old Comment==Value New Comment=0.1uF
Change Component Comment : Designator=C7 Old Comment==Value New Comment=0.1uF
Change Component Comment : Designator=R3 Old Comment==Value New Comment=1.5k
Change Component Comment : Designator=R1 Old Comment==Value New Comment=10k
Change Component Comment : Designator=R6 Old Comment==Value New Comment=10k
Change Component Comment : Designator=R4 Old Comment==Value New Comment=200R
Change Component Comment : Designator=C2 Old Comment==Value New Comment=2200uF
Change Component Comment : Designator=C12 Old Comment=Value New Comment=0.1uF
Change Component Comment : Designator=C14 Old Comment=Value New Comment=0.1uF
Change Component Comment : Designator=C15 Old Comment=Value New Comment=0.1uF
Change Component Comment : Designator=C17 Old Comment=Value New Comment=0.1uF
Change Component Comment : Designator=C18 Old Comment=Value New Comment=0.1uF
Change Component Comment : Designator=R20 Old Comment=Value New Comment=1.3k
Change Component Comment : Designator=R11 Old Comment=Value New Comment=1k
Change Component Comment : Designator=R12 Old Comment=Value New Comment=1k
Change Component Comment : Designator=R13 Old Comment=Value New Comment=1k
Change Component Comment : Designator=R14 Old Comment=Value New Comment=1k
Change Component Comment : Designator=L1 Old Comment=Value New Comment=47uH
Change Component Comment : Designator=R19 Old Comment=Value New Comment=50k
Change Component Comment : Designator=R18 Old Comment=Value New Comment=200R
Change Component Comment : Designator=C16 Old Comment=Value New Comment=220uF
Change Component Designator: OldDesignator=C8 NewDesignator=C10
Change Component Designator: OldDesignator=C9 NewDesignator=C8
Change Component Designator: OldDesignator=C10 NewDesignator=C9
Change Component Designator: OldDesignator=C14 NewDesignator=C13
Change Component Designator: OldDesignator=C15 NewDesignator=C14
Change Component Designator: OldDesignator=U18_db NewDesignator=U17_db
Change Component Designator: OldDesignator=U18_pb NewDesignator=U17_pb
Added Component: Designator=C15(D8C3.2H12)
Add component. Clean all parameters for all variants
Added Component: Designator=U18(TO263-5L)
Add component. Clean all parameters for all variants
Added Pin To Net: NetName=VOUT Pin=C15-1
Added Pin To Net: NetName=GND Pin=C15-2
Added Pin To Net: NetName=VMotor_MD1 Pin=C16-1
Added Pin To Net: NetName=GND Pin=C16-2
Added Pin To Net: NetName=NetC17_1 Pin=C17-1
Added Pin To Net: NetName=GND Pin=C17-2
Added Pin To Net: NetName=VOUT Pin=C18-1
Added Pin To Net: NetName=NetD3_1 Pin=D3-1
Added Pin To Net: NetName=VOUT Pin=D3-2
Added Pin To Net: NetName=NetC17_1 Pin=L1-1
Added Pin To Net: NetName=NetD3_1 Pin=L1-2
Added Pin To Net: NetName=D+ Pin=U16-15
Added Pin To Net: NetName=D- Pin=U16-16
Added Pin To Net: NetName=GND Pin=U18-1
Added Pin To Net: NetName=NetC17_1 Pin=U18-2
Added Pin To Net: NetName=NetD3_1 Pin=U18-3
Added Pin To Net: NetName=NetD3_1 Pin=U18-3
Added Pin To Net: NetName=NetC17_1 Pin=U18-4
Added Pin To Net: NetName=NetR19_1 Pin=U18-5
Added Member To Class: ClassName=USB Member=Component C14 0.1uF
Added Member To Class: ClassName=U_bvm Member=Component C15 100uF
Added Member To Class: ClassName=db Member=Component U17_db (U17) HC-06
Added Member To Class: ClassName=pb Member=Component U17_pb (U17) HC-06
Added Member To Class: ClassName=U_bvm Member=Component U18 XL6009E1
PCB-ECO: Change Pad Pin/Pkg Length: Old=0mm New=2.54mm
PCB-ECO: Change Pad Pin/Pkg Length: Old=2.54mm New=0mm
