Added Component: Designator=*1(TO263S-5+1)
Add component. Clean all parameters for all variants
Added Component: Designator=C19(D13C5H20)
Add component. Clean all parameters for all variants
Added Component: Designator=C20(D13C5H20)
Add component. Clean all parameters for all variants
Added Component: Designator=C21(cap0805)
Add component. Clean all parameters for all variants
Added Component: Designator=C22(cap0805)
Add component. Clean all parameters for all variants
Added Component: Designator=D4(DO214AB(SMC))
Add component. Clean all parameters for all variants
Added Component: Designator=L1(res0805)
Add component. Clean all parameters for all variants
Added Component: Designator=R15(3224W)
Add component. Clean all parameters for all variants
Added Component: Designator=R16(res0805)
Add component. Clean all parameters for all variants
Added Pin To Net: NetName=Net*1_1 Pin=*1-1
Added Pin To Net: NetName=Net*1_2 Pin=*1-2
Added Pin To Net: NetName=Net*1_3 Pin=*1-3
Added Pin To Net: NetName=Net*1_3 Pin=*1-3
Added Pin To Net: NetName=Net*1_2 Pin=*1-4
Added Pin To Net: NetName=Net*1_5 Pin=*1-5
Added Pin To Net: NetName=Net*1_1 Pin=C19-2
Added Pin To Net: NetName=Net*1_2 Pin=C20-1
Added Pin To Net: NetName=Net*1_1 Pin=C20-2
Added Pin To Net: NetName=Net*1_1 Pin=C21-1
Added Pin To Net: NetName=Net*1_2 Pin=C21-2
Added Pin To Net: NetName=Net*1_1 Pin=C22-1
Added Pin To Net: NetName=Net*1_3 Pin=D4-1
Added Pin To Net: NetName=Net*1_2 Pin=L1-1
Added Pin To Net: NetName=Net*1_3 Pin=L1-2
Added Pin To Net: NetName=Net*1_5 Pin=R15-1
Added Pin To Net: NetName=Net*1_1 Pin=R16-1
Added Pin To Net: NetName=Net*1_5 Pin=R16-2
Added Pin To Net: NetName=NetC19_1 Pin=C19-1
Added Pin To Net: NetName=NetC19_1 Pin=C22-2
Added Pin To Net: NetName=NetC19_1 Pin=D4-2
Added Pin To Net: NetName=NetC19_1 Pin=R15-2
Added Pin To Net: NetName=NetC19_1 Pin=R15-3
Added Net: Name=NetC19_1
Added Member To Class: ClassName=U_bvm Member=Component *1 XL6009
Added Member To Class: ClassName=U_bvm Member=Component C19 100 mF 50V
Added Member To Class: ClassName=U_bvm Member=Component C20 220 mF 35V
Added Member To Class: ClassName=U_bvm Member=Component C21 0.1 mF
Added Member To Class: ClassName=U_bvm Member=Component C22 0.1 mF
Added Member To Class: ClassName=U_bvm Member=Component D4 SS34
Added Member To Class: ClassName=U_bvm Member=Component L1 47 mH
Added Member To Class: ClassName=U_bvm Member=Component R15 50k
Added Member To Class: ClassName=U_bvm Member=Component R16 1.3k
PCB-ECO: Change Pad Pin/Pkg Length: Old=2.54mm New=0mm
PCB-ECO: Change Pad Pin/Pkg Length: Old=20mm New=0mm
PCB-ECO: Change Pad Pin/Pkg Length: Old=2mm New=0mm
PCB-ECO: Change Pad Pin/Pkg Length: Old=2mm New=0mm
PCB-ECO: Change Pad Pin/Pkg Length: Old=0mm New=2mm
PCB-ECO: Change Pad Pin/Pkg Length: Old=0mm New=2mm
