Removed Member From Class: ClassName=USB Member=U3
Added Component: Designator=*1(TO263S-5+1)
Add component. Clean all parameters for all variants
Added Component: Designator=C19(cap0805)
Add component. Clean all parameters for all variants
Added Component: Designator=C20(cap0805)
Add component. Clean all parameters for all variants
Added Component: Designator=C?(D13C5H20)
Add component. Clean all parameters for all variants
Added Component: Designator=C?(D13C5H20)
Add component. Clean all parameters for all variants
Added Component: Designator=D4(DO214AB(SMC))
Add component. Clean all parameters for all variants
Added Component: Designator=L1(res0805)
Add component. Clean all parameters for all variants
Added Component: Designator=R15(3224W)
Add component. Clean all parameters for all variants
Added Component: Designator=R16(res0805)
Add component. Clean all parameters for all variants
Added Pin To Net: NetName=Net*1_1 Pin=*1-1
Added Pin To Net: NetName=Net*1_1 Pin=C19-1
Added Pin To Net: NetName=Net*1_1 Pin=C20-1
Added Pin To Net: NetName=Net*1_1 Pin=C?-2
Added Pin To Net: NetName=Net*1_1 Pin=C?-2
Added Pin To Net: NetName=Net*1_1 Pin=R16-1
Added Net: Name=Net*1_1
Added Pin To Net: NetName=Net*1_2 Pin=*1-2
Added Pin To Net: NetName=Net*1_2 Pin=*1-4
Added Pin To Net: NetName=Net*1_2 Pin=C20-2
Added Pin To Net: NetName=Net*1_2 Pin=C?-1
Added Pin To Net: NetName=Net*1_2 Pin=L1-1
Added Net: Name=Net*1_2
Added Pin To Net: NetName=Net*1_3 Pin=*1-3
Added Pin To Net: NetName=Net*1_3 Pin=*1-3
Added Pin To Net: NetName=Net*1_3 Pin=D4-1
Added Pin To Net: NetName=Net*1_3 Pin=L1-2
Added Net: Name=Net*1_3
Added Pin To Net: NetName=Net*1_5 Pin=*1-5
Added Pin To Net: NetName=Net*1_5 Pin=R15-1
Added Pin To Net: NetName=Net*1_5 Pin=R16-2
Added Net: Name=Net*1_5
Added Pin To Net: NetName=NetC19_2 Pin=C19-2
Added Pin To Net: NetName=NetC19_2 Pin=C?-1
Added Pin To Net: NetName=NetC19_2 Pin=D4-2
Added Pin To Net: NetName=NetC19_2 Pin=R15-2
Added Pin To Net: NetName=NetC19_2 Pin=R15-3
Added Net: Name=NetC19_2
Added Class: Name=U_bvm
Added Room: Name=data
Added Room: Name=main sheet
Added Room: Name=MD1
Added Room: Name=MD2
Added Room: Name=MD3
Added Room: Name=MD4
Added Room: Name=U_bvm
Added Room: Name=U_data bluetooth
Added Room: Name=USB
PCB-ECO: Change Pad Pin/Pkg Length: Old=2.54mm New=0mm
PCB-ECO: Change Pad Pin/Pkg Length: Old=20mm New=0mm
PCB-ECO: Change Pad Pin/Pkg Length: Old=2mm New=0mm
PCB-ECO: Change Pad Pin/Pkg Length: Old=2mm New=0mm
PCB-ECO: Change Pad Pin/Pkg Length: Old=0mm New=2mm
PCB-ECO: Change Pad Pin/Pkg Length: Old=0mm New=2mm
