Removed Member From Class: ClassName=main sheet Member=U?
Change Component Footprint: Designator=U6 Old Footprint=2x1.25 New Footprint=2x2.54
Change Component Footprint: Designator=U8 Old Footprint=2x1.25 New Footprint=2x2.54
Change Component Footprint: Designator=U10 Old Footprint=2x1.25 New Footprint=2x2.54
Change Component Footprint: Designator=U11 Old Footprint=2x1.25 New Footprint=2x2.54
Change Component Footprint: Designator=C17 Old Footprint=cap0805 New Footprint=cap0402
Change Component Footprint: Designator=R4 Old Footprint=res0805 New Footprint=res0402
Change Component Footprint: Designator=R6 Old Footprint=res0805 New Footprint=res0402
Change Component Footprint: Designator=R16 Old Footprint=res0805 New Footprint=res0402
Change Component Designator: OldDesignator=U6 NewDesignator=U7
Change Component Designator: OldDesignator=U7 NewDesignator=U8
Change Component Designator: OldDesignator=U8 NewDesignator=U9
Change Component Designator: OldDesignator=U9 NewDesignator=U10
Change Component Designator: OldDesignator=U10 NewDesignator=U11
Change Component Designator: OldDesignator=U11 NewDesignator=U12
Change Component Designator: OldDesignator=U12 NewDesignator=U13
Change Component Designator: OldDesignator=U13_MD1 NewDesignator=U14_MD1
Change Component Designator: OldDesignator=U13_MD2 NewDesignator=U14_MD2
Change Component Designator: OldDesignator=U13_MD3 NewDesignator=U14_MD3
Change Component Designator: OldDesignator=U13_MD4 NewDesignator=U14_MD4
Change Component Designator: OldDesignator=U14_MD1 NewDesignator=U15_MD1
Change Component Designator: OldDesignator=U14_MD2 NewDesignator=U15_MD2
Change Component Designator: OldDesignator=U14_MD3 NewDesignator=U15_MD3
Change Component Designator: OldDesignator=U14_MD4 NewDesignator=U15_MD4
Change Component Designator: OldDesignator=U15_db NewDesignator=U16_db
Change Component Designator: OldDesignator=U15_pb NewDesignator=U16_pb
Change Component Designator: OldDesignator=U16 NewDesignator=U17
Change Component Designator: OldDesignator=U? NewDesignator=U6
Change Net Name : Old Net Name=NetU15_db_31 New Net Name=NetU16_db_31
Change Net Name : Old Net Name=NetU15_db_32 New Net Name=NetU16_db_32
Change Net Name : Old Net Name=NetU15_pb_31 New Net Name=NetU16_pb_31
Added Member To Class: ClassName=main sheet Member=Component U13 MCP1703T-3302E/CB
PCB-ECO: Change Pad Pin/Pkg Length: Old=0mm New=2mm
PCB-ECO: Change Pad Pin/Pkg Length: Old=0mm New=2mm
