Removed Member From Class: ClassName=main sheet Member=C20
Removed Member From Class: ClassName=main sheet Member=R21
Change Component Designator: OldDesignator=C2 NewDesignator=C3
Change Component Designator: OldDesignator=C3 NewDesignator=C4
Change Component Designator: OldDesignator=C4 NewDesignator=C5
Change Component Designator: OldDesignator=C5 NewDesignator=C6
Change Component Designator: OldDesignator=C14 NewDesignator=C15
Change Component Designator: OldDesignator=C15 NewDesignator=C16
Change Component Designator: OldDesignator=C16 NewDesignator=C17
Change Component Designator: OldDesignator=C17 NewDesignator=C18
Change Component Designator: OldDesignator=C18 NewDesignator=C19
Change Component Designator: OldDesignator=C19 NewDesignator=C20
Change Component Designator: OldDesignator=C20 NewDesignator=C2
Change Component Designator: OldDesignator=D6_Designator NewDesignator=D6_data
Change Component Designator: OldDesignator=R3 NewDesignator=R5
Change Component Designator: OldDesignator=R15 NewDesignator=R17
Change Component Designator: OldDesignator=R16 NewDesignator=R18
Change Component Designator: OldDesignator=R17 NewDesignator=R19
Change Component Designator: OldDesignator=R18 NewDesignator=R20
Change Component Designator: OldDesignator=R19_Designator NewDesignator=R21_data
Change Component Designator: OldDesignator=R19_U_data bluetooth NewDesignator=R21_U_data bluetooth
Change Component Designator: OldDesignator=R20_Designator NewDesignator=R22_data
Change Component Designator: OldDesignator=R20_U_data bluetooth NewDesignator=R22_U_data bluetooth
Change Component Designator: OldDesignator=R21 NewDesignator=R3
Change Component Designator: OldDesignator=R22 NewDesignator=R4
Change Component Designator: OldDesignator=VD2_Designator NewDesignator=VD2_data
Change Component Designator: OldDesignator=VD3_Designator NewDesignator=VD3_data
Change Net Name : Old Net Name=NetC20_1 New Net Name=NetC2_1
Change Net Name : Old Net Name=NetC20_2 New Net Name=NetC2_2
Change Net Name : Old Net Name=NetD6_Designator_1 New Net Name=NetD6_data_1
Change Net Name : Old Net Name=NetD6_Designator_2 New Net Name=NetD6_data_2
Change Net Name : Old Net Name=NetD6_Designator_32 New Net Name=NetD6_data_32
Change Net Name : Old Net Name=NetR3_1 New Net Name=NetR5_1
Change Net Name : Old Net Name=NetR19_Designator_1 New Net Name=NetR21_data_1
Change Net Name : Old Net Name=NetR19_U_data bluetooth_1 New Net Name=NetR21_U_data bluetooth_1
Change Net Name : Old Net Name=NetR20_Designator_1 New Net Name=NetR22_data_1
Change Net Name : Old Net Name=NetR20_U_data bluetooth_1 New Net Name=NetR22_U_data bluetooth_1
Change Class Name : Old Net Name=Designator New Net Name=data
Added Member To Class: ClassName=main sheet Member=Component C6 0.1mF
Added Member To Class: ClassName=main sheet Member=Component R5 27R
PCB-ECO: Change Pad Pin/Pkg Length: Old=2.54mm New=0mm
PCB-ECO: Change Pad Pin/Pkg Length: Old=0mm New=2.54mm
PCB-ECO: Change Pad Pin/Pkg Length: Old=2.54mm New=0mm
PCB-ECO: Change Pad Pin/Pkg Length: Old=20mm New=0mm
