Removed Pin From Net: NetName=XTAL2 Pin=R11-2
Removed Member From Class: ClassName=main sheet Member=R11
Change Component Designator: OldDesignator=C9 NewDesignator=C11
Change Component Designator: OldDesignator=C10 NewDesignator=C12
Change Component Designator: OldDesignator=C11 NewDesignator=C13
Change Component Designator: OldDesignator=C12 NewDesignator=C14
Change Component Designator: OldDesignator=C13 NewDesignator=C15
Change Component Designator: OldDesignator=C14 NewDesignator=C16
Change Component Designator: OldDesignator=C15 NewDesignator=C17
Change Component Designator: OldDesignator=C16 NewDesignator=C18
Change Component Designator: OldDesignator=C17 NewDesignator=C19
Change Component Designator: OldDesignator=C18 NewDesignator=C20
Change Component Designator: OldDesignator=C19 NewDesignator=C21
Change Component Designator: OldDesignator=C20 NewDesignator=C22
Change Component Designator: OldDesignator=R12 NewDesignator=R11
Change Component Designator: OldDesignator=R13 NewDesignator=R12
Change Component Designator: OldDesignator=R14 NewDesignator=R13
Change Component Designator: OldDesignator=R15 NewDesignator=R14
Change Component Designator: OldDesignator=R16_db NewDesignator=R15_db
Change Component Designator: OldDesignator=R16_pb NewDesignator=R15_pb
Change Component Designator: OldDesignator=R17_db NewDesignator=R16_db
Change Component Designator: OldDesignator=R17_pb NewDesignator=R16_pb
Change Component Designator: OldDesignator=R18_db NewDesignator=R17_db
Change Component Designator: OldDesignator=R18_pb NewDesignator=R17_pb
Change Component Designator: OldDesignator=R19 NewDesignator=R18
Change Component Designator: OldDesignator=R20 NewDesignator=R19
Change Component Designator: OldDesignator=R21 NewDesignator=R20
Added Component: Designator=C9(cap0402)
Add component. Clean all parameters for all variants
Added Component: Designator=C10(cap0402)
Add component. Clean all parameters for all variants
Added Pin To Net: NetName=GND Pin=C9-1
Added Pin To Net: NetName=XTAL1 Pin=C9-2
Added Pin To Net: NetName=GND Pin=C10-1
Added Pin To Net: NetName=XTAL2 Pin=C10-2
Added Pin To Net: NetName=XTAL2 Pin=Y1-2
Change Net Name : Old Net Name=NetC17_1 New Net Name=NetC19_1
Change Net Name : Old Net Name=NetR16_db_2 New Net Name=NetR15_db_2
Change Net Name : Old Net Name=NetR16_pb_2 New Net Name=NetR15_pb_2
Change Net Name : Old Net Name=NetR17_db_2 New Net Name=NetR16_db_2
Change Net Name : Old Net Name=NetR17_pb_2 New Net Name=NetR16_pb_2
Change Net Name : Old Net Name=NetR18_db_2 New Net Name=NetR17_db_2
Change Net Name : Old Net Name=NetR18_pb_2 New Net Name=NetR17_pb_2
Change Net Name : Old Net Name=NetR19_1 New Net Name=NetR18_1
Change Net Name : Old Net Name=NetR20_1 New Net Name=NetR19_1
Added Member To Class: ClassName=main sheet Member=Component C10 22p
Added Member To Class: ClassName=main sheet Member=Component C11 22uF
PCB-ECO: Change Pad Pin/Pkg Length: Old=2.54mm New=0mm
PCB-ECO: Change Pad Pin/Pkg Length: Old=0mm New=2.54mm
PCB-ECO: Change Pad Pin/Pkg Length: Old=2.54mm New=0mm
PCB-ECO: Change Pad Pin/Pkg Length: Old=0mm New=2.54mm
PCB-ECO: Change Pad Pin/Pkg Length: Old=0mm New=2.54mm
PCB-ECO: Change Pad Pin/Pkg Length: Old=2.54mm New=0mm
PCB-ECO: Change Pad Pin/Pkg Length: Old=0mm New=2.54mm
PCB-ECO: Change Pad Pin/Pkg Length: Old=2.54mm New=0mm
