Added Component: Designator=C23(D13C5H20)
Add component. Clean all parameters for all variants
Added Component: Designator=R17(res1206)
Add component. Clean all parameters for all variants
Added Component: Designator=R18(res1206)
Add component. Clean all parameters for all variants
Added Component: Designator=R19(res0603)
Add component. Clean all parameters for all variants
Added Component: Designator=R20(res0603)
Add component. Clean all parameters for all variants
Added Component: Designator=U10(Power connectors)
Add component. Clean all parameters for all variants
Added Component: Designator=VT1(DPAK)
Add component. Clean all parameters for all variants
Add component (AddParameter): Name = "ComponentKind"; Value = ""; VariantName = "[No Variations]"
Add component (AddParameter): Name = "HelpURL"; Value = ""; VariantName = "[No Variations]"
Add component (AddParameter): Name = "Manufacturer"; Value = ""; VariantName = "[No Variations]"
Add component (AddParameter): Name = "Model"; Value = ""; VariantName = "[No Variations]"
Added Pin To Net: NetName=GND Pin=*1-1
Added Pin To Net: NetName=VMotor_MD1 Pin=*1-2
Added Pin To Net: NetName=VMotor_MD1 Pin=*1-4
Added Pin To Net: NetName=GND Pin=C19-2
Added Pin To Net: NetName=VMotor_MD1 Pin=C20-1
Added Pin To Net: NetName=GND Pin=C20-2
Added Pin To Net: NetName=GND Pin=C21-1
Added Pin To Net: NetName=VMotor_MD1 Pin=C21-2
Added Pin To Net: NetName=GND Pin=C22-1
Added Pin To Net: NetName=GND Pin=C23-2
Added Pin To Net: NetName=VMotor_MD1 Pin=L1-1
Added Pin To Net: NetName=GND Pin=R16-1
Added Pin To Net: NetName=NetC19_1 Pin=R17-2
Added Pin To Net: NetName=NetC19_1 Pin=R18-2
Added Pin To Net: NetName=GND Pin=R20-1
Added Pin To Net: NetName=GND Pin=VT1-3
Added Pin To Net: NetName=Kick Pin=R19-1
Added Net: Name=Kick
Added Pin To Net: NetName=NetC23_1 Pin=C23-1
Added Pin To Net: NetName=NetC23_1 Pin=U10-1
Added Net: Name=NetC23_1
Added Pin To Net: NetName=NetR17_1 Pin=R17-1
Added Pin To Net: NetName=NetR17_1 Pin=R18-1
Added Net: Name=NetR17_1
Added Pin To Net: NetName=NetR19_2 Pin=R19-2
Added Pin To Net: NetName=NetR19_2 Pin=R20-2
Added Pin To Net: NetName=NetR19_2 Pin=VT1-1
Added Net: Name=NetR19_2
Added Pin To Net: NetName=NetU10_2 Pin=U10-2
Added Pin To Net: NetName=NetU10_2 Pin=VT1-2
Added Net: Name=NetU10_2
Added Member To Class: ClassName=main sheet Member=Component C23 =Value
Added Member To Class: ClassName=main sheet Member=Component R17 =Value
Added Member To Class: ClassName=main sheet Member=Component R18 =Value
Added Member To Class: ClassName=main sheet Member=Component R19 =Value
Added Member To Class: ClassName=main sheet Member=Component R20 =Value
Added Member To Class: ClassName=main sheet Member=Component U10 Kicker
Added Member To Class: ClassName=main sheet Member=Component VT1 *
