Added Net: Name=+3V3
Added Net: Name=+5
Added Net: Name=AREF
Added Net: Name=CS
Added Net: Name=D+
Added Net: Name=D-
Added Net: Name=DB0
Added Net: Name=DB1
Added Net: Name=DB2
Added Net: Name=DB3
Added Net: Name=DB4
Added Net: Name=DB5
Added Net: Name=DB6
Added Net: Name=DB7
Added Net: Name=DM1
Added Net: Name=DM2
Added Net: Name=DM3
Added Net: Name=DM4
Added Net: Name=DM5
Added Net: Name=DM6
Added Net: Name=DM7
Added Net: Name=DP1
Added Net: Name=DP2
Added Net: Name=DP3
Added Net: Name=DP4
Added Net: Name=DP5
Added Net: Name=DP6
Added Net: Name=DP7
Added Net: Name=DTR
Added Net: Name=GND
Added Net: Name=M8RX
Added Net: Name=M8TX
Added Net: Name=NetD1_2
Added Net: Name=NetD2_2
Added Net: Name=NetR1_1
Added Net: Name=NetR1_2
Added Net: Name=NetR3_2
Added Net: Name=OVCJ
Added Net: Name=PE0
Added Net: Name=PE1
Added Net: Name=RESET
Added Net: Name=RS
Added Net: Name=RX
Added Net: Name=TX
Added Net: Name=USBVCC
Added Net: Name=VD18
Added Net: Name=VD33
Added Net: Name=WR
Added Net: Name=XIN
Added Net: Name=XOUT
Added Net: Name=XTAL1
Added Class: Name=main sheet
Added Class: Name=U_USB Hub
Added Class: Name=USB
Added Room: Name=main sheet
Added Room: Name=U_USB Hub
Added Room: Name=USB
