Removed Member From Class: ClassName=main sheet Member=C?
Change Component Footprint: Designator=C3 Old Footprint=D13C5H20 New Footprint=CAP63V2200uF
Change Component Footprint: Designator=C? Old Footprint=D13C5H20 New Footprint=CAP63V2200uF
Change Component Designator: OldDesignator=C4 NewDesignator=C5
Change Component Designator: OldDesignator=C5 NewDesignator=C6
Change Component Designator: OldDesignator=C6 NewDesignator=C7
Change Component Designator: OldDesignator=C7 NewDesignator=C8
Change Component Designator: OldDesignator=C8 NewDesignator=C9
Change Component Designator: OldDesignator=C9 NewDesignator=C10
Change Component Designator: OldDesignator=C10 NewDesignator=C11
Change Component Designator: OldDesignator=C11 NewDesignator=C12
Change Component Designator: OldDesignator=C12 NewDesignator=C13
Change Component Designator: OldDesignator=C13 NewDesignator=C14
Change Component Designator: OldDesignator=C14 NewDesignator=C15
Change Component Designator: OldDesignator=C15 NewDesignator=C16
Change Component Designator: OldDesignator=C16 NewDesignator=C17
Change Component Designator: OldDesignator=C? NewDesignator=C4
Change Component Designator: OldDesignator=R16 NewDesignator=R15
Change Component Designator: OldDesignator=R17 NewDesignator=R16
Change Component Designator: OldDesignator=U7 NewDesignator=U6
Change Component Designator: OldDesignator=U8 NewDesignator=U7
Change Component Designator: OldDesignator=U9 NewDesignator=U8
Change Component Designator: OldDesignator=U10 NewDesignator=U9
Change Component Designator: OldDesignator=U11 NewDesignator=U10
Change Component Designator: OldDesignator=U12 NewDesignator=U11
Change Component Designator: OldDesignator=U13 NewDesignator=U12
Change Component Designator: OldDesignator=U14_MD1 NewDesignator=U13_MD1
Change Component Designator: OldDesignator=U14_MD2 NewDesignator=U13_MD2
Change Component Designator: OldDesignator=U14_MD3 NewDesignator=U13_MD3
Change Component Designator: OldDesignator=U14_MD4 NewDesignator=U13_MD4
Change Component Designator: OldDesignator=U15_MD1 NewDesignator=U14_MD1
Change Component Designator: OldDesignator=U15_MD2 NewDesignator=U14_MD2
Change Component Designator: OldDesignator=U15_MD3 NewDesignator=U14_MD3
Change Component Designator: OldDesignator=U15_MD4 NewDesignator=U14_MD4
Change Component Designator: OldDesignator=U16_db NewDesignator=U15_db
Change Component Designator: OldDesignator=U16_pb NewDesignator=U15_pb
Change Component Designator: OldDesignator=U17 NewDesignator=U16
Change Net Name : Old Net Name=NetC4_1 New Net Name=NetC5_1
Change Net Name : Old Net Name=NetR16_1 New Net Name=NetR15_1
Change Net Name : Old Net Name=NetU16_db_31 New Net Name=NetU15_db_31
Change Net Name : Old Net Name=NetU16_db_32 New Net Name=NetU15_db_32
Change Net Name : Old Net Name=NetU16_pb_31 New Net Name=NetU15_pb_31
Added Member To Class: ClassName=main sheet Member=Component C13 22uF
PCB-ECO: Change Pad Pin/Pkg Length: Old=0mm New=2.54mm
PCB-ECO: Change Pad Pin/Pkg Length: Old=2.54mm New=0mm
PCB-ECO: Change Pad Pin/Pkg Length: Old=2.54mm New=0mm
PCB-ECO: Change Pad Pin/Pkg Length: Old=0mm New=2.54mm
PCB-ECO: Change Pad Pin/Pkg Length: Old=0mm New=2.54mm
PCB-ECO: Change Pad Pin/Pkg Length: Old=2.54mm New=0mm
PCB-ECO: Change Pad Pin/Pkg Length: Old=2mm New=0mm
PCB-ECO: Change Pad Pin/Pkg Length: Old=2mm New=0mm
