Change Component Footprint: Designator=C1 Old Footprint=cap0402 New Footprint=cap0603
Change Component Footprint: Designator=C4 Old Footprint=cap0402 New Footprint=cap0603
Change Component Footprint: Designator=C5 Old Footprint=cap0402 New Footprint=cap0603
Change Component Footprint: Designator=C6 Old Footprint=cap0402 New Footprint=cap0603
Change Component Footprint: Designator=C7 Old Footprint=cap0402 New Footprint=cap0603
Change Component Footprint: Designator=C10 Old Footprint=cap0402 New Footprint=cap0603
Change Component Footprint: Designator=C11 Old Footprint=cap0402 New Footprint=cap0603
Change Component Footprint: Designator=C12 Old Footprint=cap0402 New Footprint=cap0603
Change Component Footprint: Designator=C13 Old Footprint=cap0402 New Footprint=cap0603
Change Component Footprint: Designator=C19 Old Footprint=cap0402 New Footprint=cap0603
Change Component Footprint: Designator=Y1 Old Footprint=QSMD3.2x2.5_A New Footprint=QSMD3.2x2.5_H
Change Component Footprint: Designator=R1 Old Footprint=res0402 New Footprint=res0603
Change Component Footprint: Designator=R2 Old Footprint=res0402 New Footprint=res0603
Change Component Footprint: Designator=R3 Old Footprint=res0402 New Footprint=res0603
Change Component Footprint: Designator=R5 Old Footprint=res0402 New Footprint=res0603
Change Component Footprint: Designator=R6 Old Footprint=res0402 New Footprint=res0603
Change Component Footprint: Designator=R9 Old Footprint=res0402 New Footprint=res0603
Change Component Footprint: Designator=R10 Old Footprint=res0402 New Footprint=res0603
Change Component Footprint: Designator=R11 Old Footprint=res0402 New Footprint=res0603
Change Component Footprint: Designator=R12 Old Footprint=res0402 New Footprint=res0603
Change Component Footprint: Designator=R13 Old Footprint=res0402 New Footprint=res0603
Change Component Footprint: Designator=R14 Old Footprint=res0402 New Footprint=res0603
Change Component Footprint: Designator=R15 Old Footprint=res0402 New Footprint=res0603
Change Component Footprint: Designator=R16_db Old Footprint=res0402 New Footprint=res0603
Change Component Footprint: Designator=R16_pb Old Footprint=res0402 New Footprint=res0603
Change Component Footprint: Designator=R17_db Old Footprint=res0402 New Footprint=res0603
Change Component Footprint: Designator=R17_pb Old Footprint=res0402 New Footprint=res0603
Change Component Footprint: Designator=R18_db Old Footprint=res0402 New Footprint=res0603
Change Component Footprint: Designator=R18_pb Old Footprint=res0402 New Footprint=res0603
Change Component Footprint: Designator=R19 Old Footprint=res0402 New Footprint=res0603
Change Component Footprint: Designator=R21 Old Footprint=res0402 New Footprint=res0603
