Removed Member From Class: ClassName=main sheet Member=U11
Change Component Footprint: Designator=L1 Old Footprint=res0805 New Footprint=SRR1280
Change Component Designator: OldDesignator=C3 NewDesignator=C4
Change Component Designator: OldDesignator=C4 NewDesignator=C5
Change Component Designator: OldDesignator=C5 NewDesignator=C6
Change Component Designator: OldDesignator=C6 NewDesignator=C7
Change Component Designator: OldDesignator=C7 NewDesignator=C8
Change Component Designator: OldDesignator=C8 NewDesignator=C9
Change Component Designator: OldDesignator=C13 NewDesignator=C14
Change Component Designator: OldDesignator=C14 NewDesignator=C15
Change Component Designator: OldDesignator=C15 NewDesignator=C16
Change Component Designator: OldDesignator=C16 NewDesignator=C17
Change Component Designator: OldDesignator=C17 NewDesignator=C18
Change Component Designator: OldDesignator=C18 NewDesignator=C19
Change Component Designator: OldDesignator=C19 NewDesignator=C20
Change Component Designator: OldDesignator=C20 NewDesignator=C21
Change Component Designator: OldDesignator=C21 NewDesignator=C22
Change Component Designator: OldDesignator=C22 NewDesignator=C23
Change Component Designator: OldDesignator=C23 NewDesignator=C24
Change Component Designator: OldDesignator=R4 NewDesignator=R7
Change Component Designator: OldDesignator=R5 NewDesignator=R9
Change Component Designator: OldDesignator=R9 NewDesignator=R13
Change Component Designator: OldDesignator=R10 NewDesignator=R14
Change Component Designator: OldDesignator=R11 NewDesignator=R15
Change Component Designator: OldDesignator=R12 NewDesignator=R16
Change Component Designator: OldDesignator=R13_db NewDesignator=R17_db
Change Component Designator: OldDesignator=R13_pb NewDesignator=R17_pb
Change Component Designator: OldDesignator=R14_db NewDesignator=R18_db
Change Component Designator: OldDesignator=R14_pb NewDesignator=R18_pb
Change Component Designator: OldDesignator=R15_db NewDesignator=R19_db
Change Component Designator: OldDesignator=R15_pb NewDesignator=R19_pb
Change Component Designator: OldDesignator=R16 NewDesignator=R20
Change Component Designator: OldDesignator=R17 NewDesignator=R21
Change Component Designator: OldDesignator=VT1 NewDesignator=VT2
Added Component: Designator=C3(D13C5H20)
Add component. Clean all parameters for all variants
Added Component: Designator=R4(res1206)
Add component. Clean all parameters for all variants
Added Component: Designator=R5(res1206)
Add component. Clean all parameters for all variants
Added Component: Designator=R6(res0603)
Add component. Clean all parameters for all variants
Added Component: Designator=R8(res0603)
Add component. Clean all parameters for all variants
Added Component: Designator=U15(Power connectors)
Add component. Clean all parameters for all variants
Added Component: Designator=VT1(DPAK)
Add component. Clean all parameters for all variants
Add component (AddParameter): Name = "ComponentKind"; Value = ""; VariantName = "[No Variations]"
Add component (AddParameter): Name = "HelpURL"; Value = ""; VariantName = "[No Variations]"
Add component (AddParameter): Name = "Manufacturer"; Value = ""; VariantName = "[No Variations]"
Add component (AddParameter): Name = "Model"; Value = ""; VariantName = "[No Variations]"
Added Pin To Net: NetName=GND Pin=C3-2
Added Pin To Net: NetName=NetC20_1 Pin=R4-1
Added Pin To Net: NetName=NetC20_1 Pin=R5-1
Added Pin To Net: NetName=GND Pin=R6-1
Added Pin To Net: NetName=GND Pin=VT1-3
Change Net Name : Old Net Name=NetC20_1 New Net Name=NetC21_1
Change Net Name : Old Net Name=NetR4_1 New Net Name=NetR7_1
Change Net Name : Old Net Name=NetR5_1 New Net Name=NetR9_1
Change Net Name : Old Net Name=NetR13_db_2 New Net Name=NetR17_db_2
Change Net Name : Old Net Name=NetR13_pb_2 New Net Name=NetR17_pb_2
Change Net Name : Old Net Name=NetR14_db_2 New Net Name=NetR18_db_2
Change Net Name : Old Net Name=NetR14_pb_2 New Net Name=NetR18_pb_2
Change Net Name : Old Net Name=NetR15_db_2 New Net Name=NetR19_db_2
Change Net Name : Old Net Name=NetR15_pb_2 New Net Name=NetR19_pb_2
Change Net Name : Old Net Name=NetR16_1 New Net Name=NetR20_1
Added Pin To Net: NetName=KICK Pin=R8-1
Added Net: Name=KICK
Added Pin To Net: NetName=NetC3_1 Pin=C3-1
Added Pin To Net: NetName=NetC3_1 Pin=R4-2
Added Pin To Net: NetName=NetC3_1 Pin=R5-2
Added Pin To Net: NetName=NetC3_1 Pin=U15-1
Added Net: Name=NetC3_1
Added Pin To Net: NetName=NetR6_2 Pin=R6-2
Added Pin To Net: NetName=NetR6_2 Pin=R8-2
Added Pin To Net: NetName=NetR6_2 Pin=VT1-1
Added Net: Name=NetR6_2
Added Pin To Net: NetName=NetU15_2 Pin=U15-2
Added Pin To Net: NetName=NetU15_2 Pin=VT1-2
Added Net: Name=NetU15_2
Added Member To Class: ClassName=main sheet Member=Component C9 22uF
Added Member To Class: ClassName=main sheet Member=Component R6 =Value
Added Member To Class: ClassName=main sheet Member=Component R7 27R
Added Member To Class: ClassName=main sheet Member=Component R8 =Value
Added Member To Class: ClassName=main sheet Member=Component R9 1K
Added Member To Class: ClassName=main sheet Member=Component U15 VIN
Added Member To Class: ClassName=main sheet Member=Component VT1 *
PCB-ECO: Change Pad Pin/Pkg Length: Old=0mm New=2.54mm
PCB-ECO: Change Pad Pin/Pkg Length: Old=2.54mm New=0mm
PCB-ECO: Change Pad Pin/Pkg Length: Old=2.54mm New=0mm
PCB-ECO: Change Pad Pin/Pkg Length: Old=0mm New=2.54mm
PCB-ECO: Change Pad Pin/Pkg Length: Old=0mm New=2.54mm
PCB-ECO: Change Pad Pin/Pkg Length: Old=2.54mm New=0mm
PCB-ECO: Change Pad Pin/Pkg Length: Old=2mm New=0mm
PCB-ECO: Change Pad Pin/Pkg Length: Old=2mm New=0mm
PCB-ECO: Change Pad Pin/Pkg Length: Old=2mm New=0mm
PCB-ECO: Change Pad Pin/Pkg Length: Old=2mm New=0mm
PCB-ECO: Change Pad Pin/Pkg Length: Old=3mm New=0mm
