Removed Member From Class: ClassName=main sheet Member=C23
Removed Member From Class: ClassName=main sheet Member=R17
Removed Member From Class: ClassName=main sheet Member=R18
Removed Member From Class: ClassName=main sheet Member=U10
Change Component Designator: OldDesignator=C3 NewDesignator=C4
Change Component Designator: OldDesignator=C4 NewDesignator=C5
Change Component Designator: OldDesignator=C5 NewDesignator=C6
Change Component Designator: OldDesignator=C6 NewDesignator=C7
Change Component Designator: OldDesignator=C7 NewDesignator=C8
Change Component Designator: OldDesignator=C8 NewDesignator=C9
Change Component Designator: OldDesignator=C13 NewDesignator=C14
Change Component Designator: OldDesignator=C14 NewDesignator=C15
Change Component Designator: OldDesignator=C15 NewDesignator=C16
Change Component Designator: OldDesignator=C16 NewDesignator=C17
Change Component Designator: OldDesignator=C17 NewDesignator=C18
Change Component Designator: OldDesignator=C18 NewDesignator=C19
Change Component Designator: OldDesignator=C19 NewDesignator=C20
Change Component Designator: OldDesignator=C20 NewDesignator=C21
Change Component Designator: OldDesignator=C21 NewDesignator=C22
Change Component Designator: OldDesignator=C22 NewDesignator=C23
Change Component Designator: OldDesignator=C23 NewDesignator=C3
Change Component Designator: OldDesignator=R4 NewDesignator=R8
Change Component Designator: OldDesignator=R5 NewDesignator=R9
Change Component Designator: OldDesignator=R9 NewDesignator=R13
Change Component Designator: OldDesignator=R10 NewDesignator=R14
Change Component Designator: OldDesignator=R11 NewDesignator=R15
Change Component Designator: OldDesignator=R12 NewDesignator=R16
Change Component Designator: OldDesignator=R13_data NewDesignator=R17_data
Change Component Designator: OldDesignator=R13_U_data bluetooth NewDesignator=R17_U_data bluetooth
Change Component Designator: OldDesignator=R14_data NewDesignator=R18_data
Change Component Designator: OldDesignator=R14_U_data bluetooth NewDesignator=R18_U_data bluetooth
Change Component Designator: OldDesignator=R15 NewDesignator=R19
Change Component Designator: OldDesignator=R16 NewDesignator=R20
Change Component Designator: OldDesignator=R17 NewDesignator=R4
Change Component Designator: OldDesignator=R18 NewDesignator=R5
Change Component Designator: OldDesignator=R19 NewDesignator=R6
Change Component Designator: OldDesignator=R20 NewDesignator=R7
Change Component Designator: OldDesignator=U3 NewDesignator=U4
Change Component Designator: OldDesignator=U4_MD1 NewDesignator=U5_MD1
Change Component Designator: OldDesignator=U4_MD2 NewDesignator=U5_MD2
Change Component Designator: OldDesignator=U4_MD3 NewDesignator=U5_MD3
Change Component Designator: OldDesignator=U4_MD4 NewDesignator=U5_MD4
Change Component Designator: OldDesignator=U5_MD1 NewDesignator=U6_MD1
Change Component Designator: OldDesignator=U5_MD2 NewDesignator=U6_MD2
Change Component Designator: OldDesignator=U5_MD3 NewDesignator=U6_MD3
Change Component Designator: OldDesignator=U5_MD4 NewDesignator=U6_MD4
Change Component Designator: OldDesignator=U7 NewDesignator=U8
Change Component Designator: OldDesignator=U8 NewDesignator=U9
Change Component Designator: OldDesignator=U9_data NewDesignator=U10_data
Change Component Designator: OldDesignator=U9_U_data bluetooth NewDesignator=U10_U_data bluetooth
Change Component Designator: OldDesignator=U10 NewDesignator=U3
Change Net Name : Old Net Name=NetC19_1 New Net Name=NetC20_1
Change Net Name : Old Net Name=NetC23_1 New Net Name=NetC3_1
Change Net Name : Old Net Name=NetR4_1 New Net Name=NetR8_1
Change Net Name : Old Net Name=NetR5_1 New Net Name=NetR9_1
Change Net Name : Old Net Name=NetR13_data_2 New Net Name=NetR17_data_2
Change Net Name : Old Net Name=NetR13_U_data bluetooth_2 New Net Name=NetR17_U_data bluetooth_2
Change Net Name : Old Net Name=NetR14_data_2 New Net Name=NetR18_data_2
Change Net Name : Old Net Name=NetR14_U_data bluetooth_2 New Net Name=NetR18_U_data bluetooth_2
Change Net Name : Old Net Name=NetR17_1 New Net Name=NetR4_1
Change Net Name : Old Net Name=NetR19_2 New Net Name=NetR6_2
Change Net Name : Old Net Name=NetU9_data_32 New Net Name=NetU10_data_32
Change Net Name : Old Net Name=NetU10_2 New Net Name=NetU3_2
Added Member To Class: ClassName=main sheet Member=Component C9 22uF
Added Member To Class: ClassName=main sheet Member=Component R8 27R
Added Member To Class: ClassName=main sheet Member=Component R9 1K
Added Member To Class: ClassName=main sheet Member=Component U4 MCP1703T-3302E/CB
PCB-ECO: Change Pad Pin/Pkg Length: Old=0mm New=2.54mm
PCB-ECO: Change Pad Pin/Pkg Length: Old=2.54mm New=0mm
PCB-ECO: Change Pad Pin/Pkg Length: Old=2.54mm New=0mm
PCB-ECO: Change Pad Pin/Pkg Length: Old=0mm New=2.54mm
PCB-ECO: Change Pad Pin/Pkg Length: Old=0mm New=2.54mm
PCB-ECO: Change Pad Pin/Pkg Length: Old=2.54mm New=0mm
PCB-ECO: Change Pad Pin/Pkg Length: Old=2.54mm New=0mm
PCB-ECO: Change Pad Pin/Pkg Length: Old=0mm New=2.54mm
PCB-ECO: Change Pad Pin/Pkg Length: Old=0mm New=2mm
PCB-ECO: Change Pad Pin/Pkg Length: Old=0mm New=2mm
