Change Component Designator: OldDesignator=C4 NewDesignator=C3
Change Component Designator: OldDesignator=C5 NewDesignator=C4
Change Component Designator: OldDesignator=C6 NewDesignator=C5
Change Component Designator: OldDesignator=C7 NewDesignator=C6
Change Component Designator: OldDesignator=C8 NewDesignator=C7
Change Component Designator: OldDesignator=C9 NewDesignator=C8
Change Component Designator: OldDesignator=C14 NewDesignator=C13
Change Component Designator: OldDesignator=C15 NewDesignator=C14
Change Component Designator: OldDesignator=C16 NewDesignator=C15
Change Component Designator: OldDesignator=C17 NewDesignator=C16
Change Component Designator: OldDesignator=C18 NewDesignator=C17
Change Component Designator: OldDesignator=C19 NewDesignator=C18
Change Component Designator: OldDesignator=C20 NewDesignator=C19
Change Component Designator: OldDesignator=C21 NewDesignator=C20
Change Component Designator: OldDesignator=C22 NewDesignator=C21
Change Component Designator: OldDesignator=C23 NewDesignator=C22
Change Component Designator: OldDesignator=R8 NewDesignator=R4
Change Component Designator: OldDesignator=R9 NewDesignator=R5
Change Component Designator: OldDesignator=R13 NewDesignator=R9
Change Component Designator: OldDesignator=R14 NewDesignator=R10
Change Component Designator: OldDesignator=R15 NewDesignator=R11
Change Component Designator: OldDesignator=R16 NewDesignator=R12
Change Component Designator: OldDesignator=R17_data NewDesignator=R14_db
Change Component Designator: OldDesignator=R17_U_data bluetooth NewDesignator=R14_pb
Change Component Designator: OldDesignator=R18_data NewDesignator=R15_db
Change Component Designator: OldDesignator=R18_U_data bluetooth NewDesignator=R15_pb
Change Component Designator: OldDesignator=R19 NewDesignator=R16
Change Component Designator: OldDesignator=R20 NewDesignator=R17
Change Component Designator: OldDesignator=U4 NewDesignator=U3
Change Component Designator: OldDesignator=U5_MD1 NewDesignator=U4_MD1
Change Component Designator: OldDesignator=U5_MD2 NewDesignator=U4_MD2
Change Component Designator: OldDesignator=U5_MD3 NewDesignator=U4_MD3
Change Component Designator: OldDesignator=U5_MD4 NewDesignator=U4_MD4
Change Component Designator: OldDesignator=U6_MD1 NewDesignator=U5_MD1
Change Component Designator: OldDesignator=U6_MD2 NewDesignator=U5_MD2
Change Component Designator: OldDesignator=U6_MD3 NewDesignator=U5_MD3
Change Component Designator: OldDesignator=U6_MD4 NewDesignator=U5_MD4
Change Component Designator: OldDesignator=U8 NewDesignator=U7
Change Component Designator: OldDesignator=U9 NewDesignator=U8
Change Component Designator: OldDesignator=U10_data NewDesignator=U9_db
Change Component Designator: OldDesignator=U10_U_data bluetooth NewDesignator=U9_pb
Change Component Designator: OldDesignator=U? NewDesignator=U10
Change Component Designator: OldDesignator=VD2_data NewDesignator=VD2_db
Change Component Designator: OldDesignator=VD2_U_data bluetooth NewDesignator=VD2_pb
Change Component Designator: OldDesignator=VD3_data NewDesignator=VD3_db
Change Component Designator: OldDesignator=VD3_U_data bluetooth NewDesignator=VD3_pb
Added Component: Designator=R13_db(res0603)
Add component. Clean all parameters for all variants
Added Component: Designator=R13_pb(res0603)
Add component. Clean all parameters for all variants
Added Component: Designator=VD4_db(CH0603LG)
Add component. Clean all parameters for all variants
Add component (AddParameter): Name = "ComponentKind"; Value = ""; VariantName = "[No Variations]"
Add component (AddParameter): Name = "HelpURL"; Value = ""; VariantName = "[No Variations]"
Add component (AddParameter): Name = "Manufacturer"; Value = ""; VariantName = "[No Variations]"
Add component (AddParameter): Name = "Model"; Value = ""; VariantName = "[No Variations]"
Add component (AddParameter): Name = "Value"; Value = "green"; VariantName = "[No Variations]"
Added Component: Designator=VD4_pb(CH0603LG)
Add component. Clean all parameters for all variants
Add component (AddParameter): Name = "ComponentKind"; Value = ""; VariantName = "[No Variations]"
Add component (AddParameter): Name = "HelpURL"; Value = ""; VariantName = "[No Variations]"
Add component (AddParameter): Name = "Manufacturer"; Value = ""; VariantName = "[No Variations]"
Add component (AddParameter): Name = "Model"; Value = ""; VariantName = "[No Variations]"
Add component (AddParameter): Name = "Value"; Value = "green"; VariantName = "[No Variations]"
Added Pin To Net: NetName=GND Pin=R13_db-1
Added Pin To Net: NetName=GND Pin=R13_pb-1
Change Net Name : Old Net Name=NetC20_1 New Net Name=NetC19_1
Change Net Name : Old Net Name=NetR8_1 New Net Name=NetR4_1
Change Net Name : Old Net Name=NetR9_1 New Net Name=NetR5_1
Change Net Name : Old Net Name=NetR17_data_2 New Net Name=NetR14_db_2
Change Net Name : Old Net Name=NetR17_U_data bluetooth_2 New Net Name=NetR14_pb_2
Change Net Name : Old Net Name=NetR18_data_2 New Net Name=NetR15_db_2
Change Net Name : Old Net Name=NetR18_U_data bluetooth_2 New Net Name=NetR15_pb_2
Change Net Name : Old Net Name=NetR19_1 New Net Name=NetR16_1
Change Net Name : Old Net Name=NetU10_data_32 New Net Name=NetU9_db_32
Added Pin To Net: NetName=NetR13_db_2 Pin=R13_db-2
Added Pin To Net: NetName=NetR13_db_2 Pin=VD4_db-2
Added Net: Name=NetR13_db_2
Added Pin To Net: NetName=NetR13_pb_2 Pin=R13_pb-2
Added Pin To Net: NetName=NetR13_pb_2 Pin=VD4_pb-2
Added Net: Name=NetR13_pb_2
Added Pin To Net: NetName=NetU9_db_31 Pin=U9_db-31
Added Pin To Net: NetName=NetU9_db_31 Pin=VD4_db-1
Added Net: Name=NetU9_db_31
Added Pin To Net: NetName=NetU9_pb_31 Pin=U9_pb-31
Added Pin To Net: NetName=NetU9_pb_31 Pin=VD4_pb-1
Added Net: Name=NetU9_pb_31
Change Class Name : Old Net Name=data New Net Name=db
Change Class Name : Old Net Name=U_data bluetooth New Net Name=pb
Added Member To Class: ClassName=db Member=Component R13_db (R13) 220
Added Member To Class: ClassName=pb Member=Component R13_pb (R13) 220
Added Member To Class: ClassName=db Member=Component VD4_db (VD4) green
Added Member To Class: ClassName=pb Member=Component VD4_pb (VD4) green
PCB-ECO: Change Pad Pin/Pkg Length: Old=0mm New=2.54mm
PCB-ECO: Change Pad Pin/Pkg Length: Old=2.54mm New=0mm
PCB-ECO: Change Pad Pin/Pkg Length: Old=2.54mm New=0mm
PCB-ECO: Change Pad Pin/Pkg Length: Old=0mm New=2.54mm
