Change Component Footprint: Designator=C8 Old Footprint=cap0402 New Footprint=cap0603
Change Component Footprint: Designator=C9 Old Footprint=cap0402 New Footprint=cap0603
Change Component Footprint: Designator=C2 Old Footprint=D13C5H20 New Footprint=D18C7.5H40
Change Component Footprint: Designator=Y1 Old Footprint=QSMD3.2x2.5_H New Footprint=QSMD3.2x2.5_A
Change Component Comment : Designator=C3 Old Comment=0.1uF New Comment==Value
Change Component Comment : Designator=C4 Old Comment=0.1uF New Comment==Value
Change Component Comment : Designator=C5 Old Comment=0.1uF New Comment==Value
Change Component Comment : Designator=C6 Old Comment=0.1uF New Comment==Value
Change Component Comment : Designator=C7 Old Comment=0.1uF New Comment==Value
Change Component Comment : Designator=C12 Old Comment=0.1uF New Comment=Value
Change Component Comment : Designator=C13 Old Comment=0.1uF New Comment=Value
Change Component Comment : Designator=C14 Old Comment=0.1uF New Comment=Value
Change Component Comment : Designator=C17 Old Comment=0.1uF New Comment=Value
Change Component Comment : Designator=C18 Old Comment=0.1uF New Comment=Value
Change Component Comment : Designator=R20 Old Comment=1.3k New Comment=Value
Change Component Comment : Designator=R3 Old Comment=1.5k New Comment==Value
Change Component Comment : Designator=R11 Old Comment=1k New Comment=Value
Change Component Comment : Designator=R12 Old Comment=1k New Comment=Value
Change Component Comment : Designator=R13 Old Comment=1k New Comment=Value
Change Component Comment : Designator=R14 Old Comment=1k New Comment=Value
Change Component Comment : Designator=R1 Old Comment=10k New Comment==Value
Change Component Comment : Designator=R6 Old Comment=10k New Comment==Value
Change Component Comment : Designator=L1 Old Comment=47uH New Comment=Value
Change Component Comment : Designator=R19 Old Comment=50k New Comment=Value
Change Component Comment : Designator=C15 Old Comment=100uF New Comment=Value
Change Component Comment : Designator=R4 Old Comment=200R New Comment==Value
Change Component Comment : Designator=R18 Old Comment=200R New Comment=Value
Change Component Comment : Designator=C16 Old Comment=220uF New Comment=Value
Change Component Comment : Designator=C2 Old Comment=2200uF New Comment==Value
Added Component: Designator=VT2(SOT23-3_A)
Add component. Clean all parameters for all variants
Added Pin To Net: NetName=Val Pin=VT2-1
Added Pin To Net: NetName=NetR19_1 Pin=VT2-2
Added Pin To Net: NetName=VOUT Pin=VT2-3
Added Member To Class: ClassName=U_bvm Member=Component VT2 NPN
