Removed Pin From Net: NetName=+5V_MD1 Pin=D6_data-12
Removed Pin From Net: NetName=+5V_MD1 Pin=D6_U_data bluetooth-12
Removed Pin From Net: NetName=+5V_MD1 Pin=R3-1
Removed Pin From Net: NetName=RESET Pin=R3-2
Removed Pin From Net: NetName=RESET Pin=R4-1
Removed Pin From Net: NetName=GND Pin=R4-2
Removed Pin From Net: NetName=GND Pin=R21_data-2
Removed Pin From Net: NetName=GND Pin=R21_U_data bluetooth-2
Removed Pin From Net: NetName=GND Pin=R22_data-2
Removed Pin From Net: NetName=GND Pin=R22_U_data bluetooth-2
Removed Pin From Net: NetName=XTAL1 Pin=Y1-2
Change Component Footprint: Designator=C2 Old Footprint=CH0603C New Footprint=cap0603
Change Component Footprint: Designator=R1 Old Footprint=CH0603R New Footprint=res0603
Change Component Footprint: Designator=R3 Old Footprint=CH0603R New Footprint=res0603
Change Component Footprint: Designator=R4 Old Footprint=CH0603R New Footprint=res0603
Change Component Footprint: Designator=R21_data Old Footprint=CH0603R New Footprint=res0603
Change Component Footprint: Designator=R21_U_data bluetooth Old Footprint=CH0603R New Footprint=res0603
Change Component Footprint: Designator=R22_data Old Footprint=CH0603R New Footprint=res0603
Change Component Footprint: Designator=R22_U_data bluetooth Old Footprint=CH0603R New Footprint=res0603
Change Component Designator: OldDesignator=C15 NewDesignator=C13
Change Component Designator: OldDesignator=C16 NewDesignator=C14
Change Component Designator: OldDesignator=C17 NewDesignator=C15
Change Component Designator: OldDesignator=C18 NewDesignator=C16
Change Component Designator: OldDesignator=C19 NewDesignator=C17
Change Component Designator: OldDesignator=C20 NewDesignator=C18
Change Component Designator: OldDesignator=D3 NewDesignator=D1
Change Component Designator: OldDesignator=D4 NewDesignator=D2
Change Component Designator: OldDesignator=D5 NewDesignator=D3
Change Component Designator: OldDesignator=D6_data NewDesignator=U9_data
Change Component Designator: OldDesignator=D6_U_data bluetooth NewDesignator=U9_U_data bluetooth
Change Component Designator: OldDesignator=R1 NewDesignator=R5
Change Component Designator: OldDesignator=R2 NewDesignator=R1
Change Component Designator: OldDesignator=R3 NewDesignator=R2
Change Component Designator: OldDesignator=R4 NewDesignator=R3
Change Component Designator: OldDesignator=R5 NewDesignator=R4
Change Component Designator: OldDesignator=R17 NewDesignator=R9
Change Component Designator: OldDesignator=R18 NewDesignator=R10
Change Component Designator: OldDesignator=R19 NewDesignator=R11
Change Component Designator: OldDesignator=R20 NewDesignator=R12
Change Component Designator: OldDesignator=R21_data NewDesignator=R14_data
Change Component Designator: OldDesignator=R21_U_data bluetooth NewDesignator=R14_U_data bluetooth
Change Component Designator: OldDesignator=R22_data NewDesignator=R13_data
Change Component Designator: OldDesignator=R22_U_data bluetooth NewDesignator=R13_U_data bluetooth
Change Component Designator: OldDesignator=U1 NewDesignator=U2
Change Component Designator: OldDesignator=U2 NewDesignator=U1
Change Component Designator: OldDesignator=U3_MD1 NewDesignator=U4_MD1
Change Component Designator: OldDesignator=U3_MD2 NewDesignator=U4_MD2
Change Component Designator: OldDesignator=U3_MD3 NewDesignator=U4_MD3
Change Component Designator: OldDesignator=U3_MD4 NewDesignator=U4_MD4
Change Component Designator: OldDesignator=U4_MD1 NewDesignator=U5_MD1
Change Component Designator: OldDesignator=U4_MD2 NewDesignator=U5_MD2
Change Component Designator: OldDesignator=U4_MD3 NewDesignator=U5_MD3
Change Component Designator: OldDesignator=U4_MD4 NewDesignator=U5_MD4
Change Component Designator: OldDesignator=U8 NewDesignator=U7
Change Component Designator: OldDesignator=U9 NewDesignator=U8
Change Component Designator: OldDesignator=VD2_data NewDesignator=VD3_data
Change Component Designator: OldDesignator=VD2_U_data bluetooth NewDesignator=VD3_U_data bluetooth
Change Component Designator: OldDesignator=VD3_data NewDesignator=VD2_data
Change Component Designator: OldDesignator=VD3_U_data bluetooth NewDesignator=VD2_U_data bluetooth
Change component parameters: Designator = "C2"; Footprint = "cap0603"; UniqueID = "\XXDPDEIT"
Change component parameters. Clean all parameters for all variants
Change component parameters: Designator = "R5"; Footprint = "res0603"; UniqueID = "\GSMBQORV"
Change component parameters. Clean all parameters for all variants
Change component parameters: Designator = "R2"; Footprint = "res0603"; UniqueID = "\EVMSAGAM"
Change component parameters. Clean all parameters for all variants
Change component parameters: Designator = "R3"; Footprint = "res0603"; UniqueID = "\PERTVFOM"
Change component parameters. Clean all parameters for all variants
Change component parameters: Designator = "R14_data"; Footprint = "res0603"; UniqueID = "\STEQTFKT\CYMLTVNG"
Change component parameters. Clean all parameters for all variants
Change component parameters: Designator = "R14_U_data bluetooth"; Footprint = "res0603"; UniqueID = "\HMSTPCNW\CYMLTVNG"
Change component parameters. Clean all parameters for all variants
Change component parameters: Designator = "R13_data"; Footprint = "res0603"; UniqueID = "\STEQTFKT\QMTXCXUS"
Change component parameters. Clean all parameters for all variants
Change component parameters: Designator = "R13_U_data bluetooth"; Footprint = "res0603"; UniqueID = "\HMSTPCNW\QMTXCXUS"
Change component parameters. Clean all parameters for all variants
Added Component: Designator=C7(Tantal B)
Add component. Clean all parameters for all variants
Added Component: Designator=C8(Tantal B)
Add component. Clean all parameters for all variants
Added Component: Designator=U3(SOT23-3_A)
Add component. Clean all parameters for all variants
Add component (AddParameter): Name = "ComponentLink1Description"; Value = "Datasheet"; VariantName = "[No Variations]"
Add component (AddParameter): Name = "ComponentLink1URL"; Value = "http://ww1.microchip.com/downloads/en/DeviceDoc/22049d.pdf"; VariantName = "[No Variations]"
Add component (AddParameter): Name = "ComponentLink2Description"; Value = "Packaging Specification"; VariantName = "[No Variations]"
Add component (AddParameter): Name = "ComponentLink2URL"; Value = "http://www.microchip.com/stellent/groups/techpub_sg/documents/packagingspec/en012702.pdf"; VariantName = "[No Variations]"
Add component (AddParameter): Name = "ComponentLink3Description"; Value = "Microchip.com Home"; VariantName = "[No Variations]"
Add component (AddParameter): Name = "ComponentLink3URL"; Value = "http://www.microchip.com/"; VariantName = "[No Variations]"
Add component (AddParameter): Name = "DatasheetVersion"; Value = "revD, Sep-2009"; VariantName = "[No Variations]"
Add component (AddParameter): Name = "PackageDescription"; Value = "3-Lead Plastic Small Outline Transistor (CB) [SOT-23A]"; VariantName = "[No Variations]"
Add component (AddParameter): Name = "PackageReference"; Value = "SOT-23A-CB3"; VariantName = "[No Variations]"
Add component (AddParameter): Name = "PackageVersion"; Value = "revBB, Aug-2009"; VariantName = "[No Variations]"
Add component (AddParameter): Name = "Published"; Value = "29-Jan-2009"; VariantName = "[No Variations]"
Add component (AddParameter): Name = "Publisher"; Value = "Altium Limited"; VariantName = "[No Variations]"
Add component (AddParameter): Name = "Supplier 1"; Value = "Digi-Key"; VariantName = "[No Variations]"
Add component (AddParameter): Name = "Supplier 2"; Value = "Digi-Key"; VariantName = "[No Variations]"
Add component (AddParameter): Name = "Supplier 3"; Value = "Digi-Key"; VariantName = "[No Variations]"
Add component (AddParameter): Name = "Supplier 4"; Value = "Farnell"; VariantName = "[No Variations]"
Add component (AddParameter): Name = "Supplier Part Number 1"; Value = "MCP1703T-3302E/CBTR-ND"; VariantName = "[No Variations]"
Add component (AddParameter): Name = "Supplier Part Number 2"; Value = "MCP1703T-3302E/CBCT-ND"; VariantName = "[No Variations]"
Add component (AddParameter): Name = "Supplier Part Number 3"; Value = "MCP1703T-3302E/CBDKR-ND"; VariantName = "[No Variations]"
Add component (AddParameter): Name = "Supplier Part Number 4"; Value = "1439518"; VariantName = "[No Variations]"
Added Pin To Net: NetName=GND Pin=C7-1
Added Pin To Net: NetName=GND Pin=C8-1
Added Pin To Net: NetName=+5V_MD1 Pin=C8-2
Added Pin To Net: NetName=RESET Pin=R2-1
Added Pin To Net: NetName=+5V_MD1 Pin=R2-2
Added Pin To Net: NetName=GND Pin=R3-1
Added Pin To Net: NetName=RESET Pin=R3-2
Added Pin To Net: NetName=GND Pin=R13_data-1
Added Pin To Net: NetName=GND Pin=R13_U_data bluetooth-1
Added Pin To Net: NetName=GND Pin=R14_data-1
Added Pin To Net: NetName=GND Pin=R14_U_data bluetooth-1
Added Pin To Net: NetName=GND Pin=U3-1
Added Pin To Net: NetName=+5V_MD1 Pin=U3-3
Added Pin To Net: NetName=XTAL1 Pin=Y1-1
Change Net Name : Old Net Name=NetD3_2 New Net Name=NetD1_2
Change Net Name : Old Net Name=NetD4_2 New Net Name=NetD2_2
Change Net Name : Old Net Name=NetD6_data_1 New Net Name=RX1
Change Net Name : Old Net Name=NetD6_data_2 New Net Name=TX1
Change Net Name : Old Net Name=NetD6_data_32 New Net Name=NetU9_data_32
Change Net Name : Old Net Name=NetR1_1 New Net Name=NetR5_1
Added Pin To Net: NetName=+3.3V Pin=C7-2
Added Pin To Net: NetName=+3.3V Pin=U3-2
Added Pin To Net: NetName=+3.3V Pin=U9_data-12
Added Pin To Net: NetName=+3.3V Pin=U9_U_data bluetooth-12
Added Net: Name=+3.3V
Added Pin To Net: NetName=NetR4_1 Pin=R4-1
Added Pin To Net: NetName=NetR4_1 Pin=Y1-2
Added Net: Name=NetR4_1
Added Pin To Net: NetName=NetR13_data_2 Pin=R13_data-2
Added Pin To Net: NetName=NetR13_data_2 Pin=VD2_data-2
Added Net: Name=NetR13_data_2
Added Pin To Net: NetName=NetR13_U_data bluetooth_2 Pin=R13_U_data bluetooth-2
Added Pin To Net: NetName=NetR13_U_data bluetooth_2 Pin=VD2_U_data bluetooth-2
Added Net: Name=NetR13_U_data bluetooth_2
Added Pin To Net: NetName=NetR14_data_2 Pin=R14_data-2
Added Pin To Net: NetName=NetR14_data_2 Pin=VD3_data-2
Added Net: Name=NetR14_data_2
Added Pin To Net: NetName=NetR14_U_data bluetooth_2 Pin=R14_U_data bluetooth-2
Added Pin To Net: NetName=NetR14_U_data bluetooth_2 Pin=VD3_U_data bluetooth-2
Added Net: Name=NetR14_U_data bluetooth_2
Added Member To Class: ClassName=main sheet Member=Component C7 22uF
Added Member To Class: ClassName=main sheet Member=Component C8 22uF
Added Member To Class: ClassName=main sheet Member=Component U3 MCP1703T-3302E/CB
Added Member To Class: ClassName=data Member=Component U9_data (U9) HC-06
PCB-ECO: Change Pad Pin/Pkg Length: Old=0mm New=2.54mm
PCB-ECO: Change Pad Pin/Pkg Length: Old=0mm New=20mm
PCB-ECO: Change Pad Pin/Pkg Length: Old=2mm New=0mm
PCB-ECO: Change Pad Pin/Pkg Length: Old=2mm New=0mm
PCB-ECO: Change Pad Pin/Pkg Length: Old=0mm New=2mm
PCB-ECO: Change Pad Pin/Pkg Length: Old=0mm New=2mm
