Removed Member From Class: ClassName=U_bvm Member=U7
Change Component Footprint: Designator=R4 Old Footprint=res1206 New Footprint=smd2512
Change Component Footprint: Designator=R5 Old Footprint=res1206 New Footprint=smd2512
Change Component Designator: OldDesignator=C2 NewDesignator=C3
Change Component Designator: OldDesignator=C3 NewDesignator=C2
Change Component Designator: OldDesignator=C14 NewDesignator=C10
Change Component Designator: OldDesignator=C15 NewDesignator=C11
Change Component Designator: OldDesignator=C16 NewDesignator=C12
Change Component Designator: OldDesignator=C17 NewDesignator=C13
Change Component Designator: OldDesignator=C18 NewDesignator=C14
Change Component Designator: OldDesignator=C19 NewDesignator=C15
Change Component Designator: OldDesignator=C20 NewDesignator=C16
Change Component Designator: OldDesignator=C21 NewDesignator=C17
Change Component Designator: OldDesignator=C22 NewDesignator=C18
Change Component Designator: OldDesignator=C23 NewDesignator=C19
Change Component Designator: OldDesignator=C24 NewDesignator=C20
Change Component Designator: OldDesignator=R2 NewDesignator=R9
Change Component Designator: OldDesignator=R3 NewDesignator=R10
Change Component Designator: OldDesignator=R4 NewDesignator=R7
Change Component Designator: OldDesignator=R5 NewDesignator=R8
Change Component Designator: OldDesignator=R6 NewDesignator=R11
Change Component Designator: OldDesignator=R7 NewDesignator=R6
Change Component Designator: OldDesignator=R8 NewDesignator=R4
Change Component Designator: OldDesignator=R9 NewDesignator=R3
Change Component Designator: OldDesignator=R13 NewDesignator=R12
Change Component Designator: OldDesignator=R14 NewDesignator=R13
Change Component Designator: OldDesignator=R15 NewDesignator=R14
Change Component Designator: OldDesignator=R16 NewDesignator=R15
Change Component Designator: OldDesignator=R17_db NewDesignator=R16_db
Change Component Designator: OldDesignator=R17_pb NewDesignator=R16_pb
Change Component Designator: OldDesignator=R18_db NewDesignator=R17_db
Change Component Designator: OldDesignator=R18_pb NewDesignator=R17_pb
Change Component Designator: OldDesignator=R19_db NewDesignator=R18_db
Change Component Designator: OldDesignator=R19_pb NewDesignator=R18_pb
Change Component Designator: OldDesignator=R20 NewDesignator=R19
Change Component Designator: OldDesignator=R21 NewDesignator=R20
Change Component Designator: OldDesignator=R22 NewDesignator=R21
Change Component Designator: OldDesignator=U3 NewDesignator=U5
Change Component Designator: OldDesignator=U4 NewDesignator=U6
Change Component Designator: OldDesignator=U5 NewDesignator=U7
Change Component Designator: OldDesignator=U6 NewDesignator=U4
Change Component Designator: OldDesignator=U7 NewDesignator=U9
Change Component Designator: OldDesignator=U8 NewDesignator=U10
Change Component Designator: OldDesignator=U9_MD1 NewDesignator=U11_MD1
Change Component Designator: OldDesignator=U9_MD2 NewDesignator=U11_MD2
Change Component Designator: OldDesignator=U9_MD3 NewDesignator=U11_MD3
Change Component Designator: OldDesignator=U9_MD4 NewDesignator=U11_MD4
Change Component Designator: OldDesignator=U10_MD1 NewDesignator=U12_MD1
Change Component Designator: OldDesignator=U10_MD2 NewDesignator=U12_MD2
Change Component Designator: OldDesignator=U10_MD3 NewDesignator=U12_MD3
Change Component Designator: OldDesignator=U10_MD4 NewDesignator=U12_MD4
Change Component Designator: OldDesignator=U12 NewDesignator=U13
Change Component Designator: OldDesignator=U13 NewDesignator=U14
Change Component Designator: OldDesignator=U14_db NewDesignator=U15_db
Change Component Designator: OldDesignator=U14_pb NewDesignator=U15_pb
Change Component Designator: OldDesignator=U15 NewDesignator=U16
Added Component: Designator=R2(res0603)
Add component. Clean all parameters for all variants
Added Component: Designator=R5(res0603)
Add component. Clean all parameters for all variants
Added Component: Designator=U3(10x1.25)
Add component. Clean all parameters for all variants
Added Component: Designator=U8(ZX62-B-5PA)
Add component. Clean all parameters for all variants
Added Pin To Net: NetName=VMotor_MD1 Pin=R2-2
Added Pin To Net: NetName=GND Pin=R5-1
Added Pin To Net: NetName=+5V_MD1 Pin=U3-1
Added Pin To Net: NetName=D+ Pin=U3-9
Added Pin To Net: NetName=D- Pin=U3-10
Added Pin To Net: NetName=+5V_MD1 Pin=U8-1
Added Pin To Net: NetName=D- Pin=U8-2
Added Pin To Net: NetName=D+ Pin=U8-3
Added Pin To Net: NetName=GND Pin=U8-5
Added Pin To Net: NetName=GND Pin=U8-5
Added Pin To Net: NetName=GND Pin=U8-5
Added Pin To Net: NetName=GND Pin=U8-5
Added Pin To Net: NetName=GND Pin=U8-5
Added Pin To Net: NetName=GND Pin=U8-6
Added Pin To Net: NetName=GND Pin=U8-6
Change Net Name : Old Net Name=NetC2_1 New Net Name=NetC3_1
Change Net Name : Old Net Name=NetC3_1 New Net Name=KICK_VDD
Change Net Name : Old Net Name=NetC21_1 New Net Name=NetC17_1
Change Net Name : Old Net Name=NetR6_1 New Net Name=NetR11_1
Change Net Name : Old Net Name=NetR7_2 New Net Name=NetR4_2
Change Net Name : Old Net Name=NetR9_1 New Net Name=NetR3_1
Change Net Name : Old Net Name=NetR17_db_2 New Net Name=NetR16_db_2
Change Net Name : Old Net Name=NetR17_pb_2 New Net Name=NetR16_pb_2
Change Net Name : Old Net Name=NetR18_db_2 New Net Name=NetR17_db_2
Change Net Name : Old Net Name=NetR18_pb_2 New Net Name=NetR17_pb_2
Change Net Name : Old Net Name=NetR19_db_2 New Net Name=NetR18_db_2
Change Net Name : Old Net Name=NetR19_pb_2 New Net Name=NetR18_pb_2
Change Net Name : Old Net Name=NetR20_1 New Net Name=NetR19_1
Change Net Name : Old Net Name=NetR21_1 New Net Name=NetR20_1
Change Net Name : Old Net Name=NetU6_2 New Net Name=KICK_VSS
Change Net Name : Old Net Name=NetU14_db_31 New Net Name=NetU15_db_31
Change Net Name : Old Net Name=NetU14_db_32 New Net Name=NetU15_db_32
Change Net Name : Old Net Name=NetU14_pb_31 New Net Name=NetU15_pb_31
Added Pin To Net: NetName=A_CHECK Pin=R2-1
Added Pin To Net: NetName=A_CHECK Pin=R5-2
Added Net: Name=A_CHECK
Added Pin To Net: NetName=BALL Pin=U3-8
Added Net: Name=BALL
Added Pin To Net: NetName=BUT1 Pin=U3-2
Added Net: Name=BUT1
Added Pin To Net: NetName=BUT2 Pin=U3-3
Added Net: Name=BUT2
Added Pin To Net: NetName=BUT3 Pin=U3-4
Added Net: Name=BUT3
Added Pin To Net: NetName=BUT4 Pin=U3-5
Added Net: Name=BUT4
Added Pin To Net: NetName=SCL Pin=U3-6
Added Net: Name=SCL
Added Pin To Net: NetName=SDA Pin=U3-7
Added Net: Name=SDA
Added Member To Class: ClassName=main sheet Member=Component R10 2.2K
Added Member To Class: ClassName=main sheet Member=Component R11 27R
Added Member To Class: ClassName=U_bvm Member=Component R19 200
Added Member To Class: ClassName=main sheet Member=Component U6 Header 2
Added Member To Class: ClassName=main sheet Member=Component U9 Header 2
Added Member To Class: ClassName=main sheet Member=Component U10 MCP1703T-3302E/CB
Added Member To Class: ClassName=U_bvm Member=Component U16 
PCB-ECO: Change Pad Pin/Pkg Length: Old=0mm New=2.54mm
PCB-ECO: Change Pad Pin/Pkg Length: Old=2.54mm New=0mm
PCB-ECO: Change Pad Pin/Pkg Length: Old=2.54mm New=0mm
PCB-ECO: Change Pad Pin/Pkg Length: Old=0mm New=2.54mm
PCB-ECO: Change Pad Pin/Pkg Length: Old=0mm New=2.54mm
PCB-ECO: Change Pad Pin/Pkg Length: Old=2.54mm New=0mm
PCB-ECO: Change Pad Pin/Pkg Length: Old=0mm New=2.54mm
PCB-ECO: Change Pad Pin/Pkg Length: Old=2.54mm New=0mm
PCB-ECO: Change Pad Pin/Pkg Length: Old=0mm New=2.54mm
PCB-ECO: Change Pad Pin/Pkg Length: Old=2.54mm New=0mm
PCB-ECO: Change Pad Pin/Pkg Length: Old=2.54mm New=0mm
PCB-ECO: Change Pad Pin/Pkg Length: Old=0mm New=2.54mm
PCB-ECO: Change Pad Pin/Pkg Length: Old=0mm New=2mm
PCB-ECO: Change Pad Pin/Pkg Length: Old=0mm New=2mm
PCB-ECO: Change Pad Pin/Pkg Length: Old=2mm New=0mm
PCB-ECO: Change Pad Pin/Pkg Length: Old=2mm New=0mm
