Added Net: Name=+5V_MD1
Added Net: Name=IN1_MD1
Added Net: Name=IN1_MD2
Added Net: Name=IN1_MD3
Added Net: Name=IN1_MD4
Added Net: Name=IN2_MD1
Added Net: Name=IN2_MD2
Added Net: Name=IN2_MD3
Added Net: Name=IN2_MD4
Added Net: Name=M1OUT1
Added Net: Name=M1OUT2
Added Net: Name=M2OUT1
Added Net: Name=M2OUT2
Added Net: Name=M3OUT1
Added Net: Name=M3OUT2
Added Net: Name=M4OUT1
Added Net: Name=M4OUT2
Added Net: Name=NetD3_2
Added Net: Name=NetD4_2
Added Net: Name=NetR2_1
Added Net: Name=NetR4_2
Added Net: Name=NetR5_2
Added Net: Name=VMotor_MD1
Added Net: Name=XTAL2
Added Class: Name=MD1
Added Class: Name=MD2
Added Class: Name=MD3
Added Class: Name=MD4
Added Class: Name=USBHub
Added Class: Name=Motor driver sheet
