Removed Pin From Net: NetName=+5V_MD1 Pin=U14_MD1-4
Removed Pin From Net: NetName=VMotor_MD1 Pin=U14_MD1-5
Removed Pin From Net: NetName=GND Pin=U14_MD1-7
Removed Pin From Net: NetName=+5V_MD1 Pin=U14_MD2-4
Removed Pin From Net: NetName=VMotor_MD1 Pin=U14_MD2-5
Removed Pin From Net: NetName=GND Pin=U14_MD2-7
Removed Pin From Net: NetName=+5V_MD1 Pin=U14_MD3-4
Removed Pin From Net: NetName=VMotor_MD1 Pin=U14_MD3-5
Removed Pin From Net: NetName=GND Pin=U14_MD3-7
Removed Pin From Net: NetName=+5V_MD1 Pin=U14_MD4-4
Removed Pin From Net: NetName=VMotor_MD1 Pin=U14_MD4-5
Removed Pin From Net: NetName=GND Pin=U14_MD4-7
Removed Pin From Net: NetName=+5V_MD1 Pin=U15_MD1-4
Removed Pin From Net: NetName=VMotor_MD1 Pin=U15_MD1-5
Removed Pin From Net: NetName=GND Pin=U15_MD1-7
Removed Pin From Net: NetName=+5V_MD1 Pin=U15_MD2-4
Removed Pin From Net: NetName=VMotor_MD1 Pin=U15_MD2-5
Removed Pin From Net: NetName=GND Pin=U15_MD2-7
Removed Pin From Net: NetName=+5V_MD1 Pin=U15_MD3-4
Removed Pin From Net: NetName=VMotor_MD1 Pin=U15_MD3-5
Removed Pin From Net: NetName=GND Pin=U15_MD3-7
Removed Pin From Net: NetName=+5V_MD1 Pin=U15_MD4-4
Removed Pin From Net: NetName=VMotor_MD1 Pin=U15_MD4-5
Removed Pin From Net: NetName=GND Pin=U15_MD4-7
Change Component Footprint: Designator=R4 Old Footprint=res0603 New Footprint=res0402
Added Pin To Net: NetName=GND Pin=U14_MD1-9
Added Pin To Net: NetName=GND Pin=U14_MD2-9
Added Pin To Net: NetName=GND Pin=U14_MD3-9
Added Pin To Net: NetName=GND Pin=U14_MD4-9
Added Pin To Net: NetName=GND Pin=U15_MD1-9
Added Pin To Net: NetName=GND Pin=U15_MD2-9
Added Pin To Net: NetName=GND Pin=U15_MD3-9
Added Pin To Net: NetName=GND Pin=U15_MD4-9
