Added Component: Designator=R5(res0402)
Add component. Clean all parameters for all variants
Added Component: Designator=U4(LQFP64_N_1)
Add component. Clean all parameters for all variants
Added Pin To Net: NetName=VBUS Pin=R5-1
Added Pin To Net: NetName=OVCJ Pin=R5-2
Added Pin To Net: NetName=GND Pin=U4-3
Added Pin To Net: NetName=VD18 Pin=U4-7
Added Pin To Net: NetName=VBUS Pin=U4-9
Added Pin To Net: NetName=VD33 Pin=U4-10
Added Pin To Net: NetName=GND Pin=U4-11
Added Pin To Net: NetName=OVCJ Pin=U4-13
Added Pin To Net: NetName=OVCJ Pin=U4-15
Added Pin To Net: NetName=VD33 Pin=U4-16
Added Pin To Net: NetName=DM4 Pin=U4-17
Added Pin To Net: NetName=DP4 Pin=U4-18
Added Pin To Net: NetName=GND Pin=U4-19
Added Pin To Net: NetName=DM3 Pin=U4-20
Added Pin To Net: NetName=DP3 Pin=U4-21
Added Pin To Net: NetName=VD33 Pin=U4-22
Added Pin To Net: NetName=Cam_d- Pin=U4-23
Added Pin To Net: NetName=Cam_d+ Pin=U4-24
Added Pin To Net: NetName=GND Pin=U4-25
Added Pin To Net: NetName=DM1 Pin=U4-26
Added Pin To Net: NetName=DP1 Pin=U4-27
Added Pin To Net: NetName=VD33 Pin=U4-28
Added Pin To Net: NetName=VD18 Pin=U4-29
Added Pin To Net: NetName=XIN Pin=U4-30
Added Pin To Net: NetName=XOUT Pin=U4-31
Added Pin To Net: NetName=GND Pin=U4-32
Added Pin To Net: NetName=VD18 Pin=U4-33
Added Pin To Net: NetName=VD33 Pin=U4-34
Added Pin To Net: NetName=NetR7_2 Pin=U4-35
Added Pin To Net: NetName=VD18 Pin=U4-36
Added Pin To Net: NetName=GND Pin=U4-37
Added Pin To Net: NetName=DMU Pin=U4-38
Added Pin To Net: NetName=DPU Pin=U4-39
Added Pin To Net: NetName=VD33 Pin=U4-40
Added Pin To Net: NetName=DM5 Pin=U4-41
Added Pin To Net: NetName=DP5 Pin=U4-42
Added Pin To Net: NetName=GND Pin=U4-43
Added Pin To Net: NetName=DM6 Pin=U4-44
Added Pin To Net: NetName=DP6 Pin=U4-45
Added Pin To Net: NetName=VD33 Pin=U4-46
Added Pin To Net: NetName=DM7 Pin=U4-47
Added Pin To Net: NetName=DP7 Pin=U4-48
Added Pin To Net: NetName=GND Pin=U4-49
Added Pin To Net: NetName=NetR6_2 Pin=U4-50
Added Pin To Net: NetName=VBUS Pin=U4-51
Added Pin To Net: NetName=OVCJ Pin=U4-53
Added Pin To Net: NetName=OVCJ Pin=U4-55
Added Pin To Net: NetName=VD33 Pin=U4-56
Added Pin To Net: NetName=OVCJ Pin=U4-58
Added Pin To Net: NetName=OVCJ Pin=U4-60
Added Pin To Net: NetName=OVCJ Pin=U4-62
Added Member To Class: ClassName=U_USB Hub Member=Component R5 Value
Added Member To Class: ClassName=U_USB Hub Member=Component U4 FE2.1
