Added Component: Designator=C1(Tantal A)
Add component. Clean all parameters for all variants
Added Component: Designator=C2(elcap_case_f)
Add component. Clean all parameters for all variants
Added Component: Designator=D1(DO214AB(SMC))
Add component. Clean all parameters for all variants
Added Component: Designator=L1(SRR1280)
Add component. Clean all parameters for all variants
Added Component: Designator=R1(res0603)
Add component. Clean all parameters for all variants
Added Component: Designator=R2(3224W)
Add component. Clean all parameters for all variants
Added Component: Designator=U1(TO263-5L)
Add component. Clean all parameters for all variants
Added Component: Designator=U4(XT30)
Add component. Clean all parameters for all variants
Added Component: Designator=U5(4x1.25)
Add component. Clean all parameters for all variants
Added Component: Designator=U6(4x1.25)
Add component. Clean all parameters for all variants
Added Component: Designator=U7(4x1.25)
Add component. Clean all parameters for all variants
Added Component: Designator=U8(4x1.25)
Add component. Clean all parameters for all variants
Added Component: Designator=U9(4x1.25)
Add component. Clean all parameters for all variants
Added Component: Designator=U10(4x1.25)
Add component. Clean all parameters for all variants
Added Component: Designator=U13(2x2.54)
Add component. Clean all parameters for all variants
Added Component: Designator=U14(2x1.27)
Add component. Clean all parameters for all variants
Added Component: Designator=U15(3x2.54)
Add component. Clean all parameters for all variants
Added Component: Designator=U16(3x1.27)
Add component. Clean all parameters for all variants
Added Component: Designator=U17(XT30)
Add component. Clean all parameters for all variants
Added Component: Designator=VD1(CH0805LB)
Add component. Clean all parameters for all variants
Add component (AddParameter): Name = "ComponentKind"; Value = ""; VariantName = "[No Variations]"
Add component (AddParameter): Name = "HelpURL"; Value = ""; VariantName = "[No Variations]"
Add component (AddParameter): Name = "Manufacturer"; Value = ""; VariantName = "[No Variations]"
Add component (AddParameter): Name = "Model"; Value = ""; VariantName = "[No Variations]"
Add component (AddParameter): Name = "Value"; Value = ""; VariantName = "[No Variations]"
Added Pin To Net: NetName=GND Pin=C1-1
Added Pin To Net: NetName=+12 Pin=C1-2
Added Pin To Net: NetName=+5 Pin=C2-1
Added Pin To Net: NetName=GND Pin=C2-2
Added Pin To Net: NetName=GND Pin=D1-1
Added Pin To Net: NetName=NetD1_2 Pin=D1-2
Added Pin To Net: NetName=NetD1_2 Pin=L1-1
Added Pin To Net: NetName=+5 Pin=L1-2
Added Pin To Net: NetName=NetR1_1 Pin=R1-1
Added Pin To Net: NetName=GND Pin=R1-2
Added Pin To Net: NetName=NetR1_1 Pin=R2-1
Added Pin To Net: NetName=NetR1_1 Pin=R2-2
Added Pin To Net: NetName=+5 Pin=R2-3
Added Pin To Net: NetName=+12 Pin=U1-1
Added Pin To Net: NetName=NetD1_2 Pin=U1-2
Added Pin To Net: NetName=GND Pin=U1-3
Added Pin To Net: NetName=GND Pin=U1-3
Added Pin To Net: NetName=NetR1_1 Pin=U1-4
Added Pin To Net: NetName=GND Pin=U1-5
Added Pin To Net: NetName=GND Pin=U4-1
Added Pin To Net: NetName=+12 Pin=U4-2
Added Pin To Net: NetName=+5 Pin=U5-1
Added Pin To Net: NetName=SDA Pin=U5-2
Added Pin To Net: NetName=SCL Pin=U5-3
Added Pin To Net: NetName=GND Pin=U5-4
Added Pin To Net: NetName=+5 Pin=U6-1
Added Pin To Net: NetName=SDA Pin=U6-2
Added Pin To Net: NetName=SCL Pin=U6-3
Added Pin To Net: NetName=GND Pin=U6-4
Added Pin To Net: NetName=+5 Pin=U7-1
Added Pin To Net: NetName=SDA Pin=U7-2
Added Pin To Net: NetName=SCL Pin=U7-3
Added Pin To Net: NetName=GND Pin=U7-4
Added Pin To Net: NetName=+5 Pin=U8-1
Added Pin To Net: NetName=SDA Pin=U8-2
Added Pin To Net: NetName=SCL Pin=U8-3
Added Pin To Net: NetName=GND Pin=U8-4
Added Pin To Net: NetName=+5 Pin=U9-1
Added Pin To Net: NetName=IMU_RX Pin=U9-2
Added Pin To Net: NetName=IMU_TX Pin=U9-3
Added Pin To Net: NetName=GND Pin=U9-4
Added Pin To Net: NetName=+5 Pin=U10-1
Added Pin To Net: NetName=IMU_RX Pin=U10-2
Added Pin To Net: NetName=IMU_TX Pin=U10-3
Added Pin To Net: NetName=GND Pin=U10-4
Added Pin To Net: NetName=BALL Pin=U13-1
Added Pin To Net: NetName=GND Pin=U13-2
Added Pin To Net: NetName=BALL Pin=U14-1
Added Pin To Net: NetName=GND Pin=U14-2
Added Pin To Net: NetName=ESC Pin=U15-1
Added Pin To Net: NetName=+5 Pin=U15-2
Added Pin To Net: NetName=GND Pin=U15-3
Added Pin To Net: NetName=ESC Pin=U16-1
Added Pin To Net: NetName=+5 Pin=U16-2
Added Pin To Net: NetName=GND Pin=U16-3
Added Pin To Net: NetName=+12 Pin=U17-1
Added Pin To Net: NetName=GND Pin=U17-2
Added Pin To Net: NetName=+5 Pin=VD1-1
Added Pin To Net: NetName=NetR3_1 Pin=VD1-2
Added Member To Class: ClassName=U_5V Sheet Member=Component C1 Value
Added Member To Class: ClassName=U_5V Sheet Member=Component C2 Value
Added Member To Class: ClassName=U_5V Sheet Member=Component D1 MBRS340T3G
Added Member To Class: ClassName=U_5V Sheet Member=Component L1 Value
Added Member To Class: ClassName=U_5V Sheet Member=Component R1 1.21k
Added Member To Class: ClassName=U_5V Sheet Member=Component R2 Value
Added Member To Class: ClassName=U_5V Sheet Member=Component U1 LM2596S-ADJ
Added Member To Class: ClassName=Main Sheet Member=Component U4 ?
Added Member To Class: ClassName=Main Sheet Member=Component U5 Header 4
Added Member To Class: ClassName=Main Sheet Member=Component U6 Header 4
Added Member To Class: ClassName=Main Sheet Member=Component U7 Header 4
Added Member To Class: ClassName=Main Sheet Member=Component U8 Header 4
Added Member To Class: ClassName=Main Sheet Member=Component U9 Header 4
Added Member To Class: ClassName=Main Sheet Member=Component U10 Header 4
Added Member To Class: ClassName=Main Sheet Member=Component U13 Header 2
Added Member To Class: ClassName=Main Sheet Member=Component U14 Header 2
Added Member To Class: ClassName=Main Sheet Member=Component U15 Header 3
Added Member To Class: ClassName=Main Sheet Member=Component U16 Header 3
Added Member To Class: ClassName=Main Sheet Member=Component U17 ?
Added Member To Class: ClassName=Main Sheet Member=Component VD1 *
Added Room: Name=Main Sheet
Added Room: Name=U_5V Sheet
