Removed Pin From Net: NetName=SDA Pin=U3-2
Removed Pin From Net: NetName=SCL Pin=U3-3
Removed Pin From Net: NetName=BUT4 Pin=U3-4
Removed Pin From Net: NetName=BUT3 Pin=U3-5
Removed Pin From Net: NetName=BUT2 Pin=U3-6
Removed Pin From Net: NetName=BUT1 Pin=U3-7
Removed Pin From Net: NetName=+5 Pin=U3-8
Removed Pin From Net: NetName=IMU_RX Pin=U3-9
Removed Pin From Net: NetName=IMU_TX Pin=U3-10
Removed Pin From Net: NetName=ESC Pin=U3-11
Added Pin To Net: NetName=ESC Pin=U3-2
Added Pin To Net: NetName=IMU_RX Pin=U3-3
Added Pin To Net: NetName=IMU_TX Pin=U3-4
Added Pin To Net: NetName=SDA Pin=U3-5
Added Pin To Net: NetName=SCL Pin=U3-6
Added Pin To Net: NetName=BUT4 Pin=U3-7
Added Pin To Net: NetName=BUT3 Pin=U3-8
Added Pin To Net: NetName=BUT2 Pin=U3-9
Added Pin To Net: NetName=BUT1 Pin=U3-10
Added Pin To Net: NetName=+5 Pin=U3-11
