Added Component: Designator=C1(Tantal A)
Add component. Clean all parameters for all variants
Added Component: Designator=C2(elcap_case_f)
Add component. Clean all parameters for all variants
Added Component: Designator=D1(DO214AB(SMC))
Add component. Clean all parameters for all variants
Added Component: Designator=L1(SRR1280)
Add component. Clean all parameters for all variants
Added Component: Designator=R1(res0603)
Add component. Clean all parameters for all variants
Added Component: Designator=R2(3224W)
Add component. Clean all parameters for all variants
Added Component: Designator=U1(TO263-5L)
Add component. Clean all parameters for all variants
Added Component: Designator=U4(XT30)
Add component. Clean all parameters for all variants
Added Component: Designator=U5(4x1.25)
Add component. Clean all parameters for all variants
Added Component: Designator=U6(4x1.25)
Add component. Clean all parameters for all variants
Added Component: Designator=U7(4x1.25)
Add component. Clean all parameters for all variants
Added Component: Designator=U8(4x1.25)
Add component. Clean all parameters for all variants
Added Component: Designator=U9(4x1.25)
Add component. Clean all parameters for all variants
Added Component: Designator=U10(4x1.25)
Add component. Clean all parameters for all variants
Added Component: Designator=U13(2x2.54)
Add component. Clean all parameters for all variants
Added Component: Designator=U14(2x1.27)
Add component. Clean all parameters for all variants
Added Component: Designator=U15(3x2.54)
Add component. Clean all parameters for all variants
Added Component: Designator=U16(3x1.27)
Add component. Clean all parameters for all variants
Added Component: Designator=U17(XT30)
Add component. Clean all parameters for all variants
Added Component: Designator=VD1(CH0805LB)
Add component. Clean all parameters for all variants
Add component (AddParameter): Name = "ComponentKind"; Value = ""; VariantName = "[No Variations]"
Add component (AddParameter): Name = "HelpURL"; Value = ""; VariantName = "[No Variations]"
Add component (AddParameter): Name = "Manufacturer"; Value = ""; VariantName = "[No Variations]"
Add component (AddParameter): Name = "Model"; Value = ""; VariantName = "[No Variations]"
Add component (AddParameter): Name = "Value"; Value = ""; VariantName = "[No Variations]"
Added Pin To Net: NetName=+5 Pin=C2-1
Added Pin To Net: NetName=+5 Pin=L1-2
Added Pin To Net: NetName=+5 Pin=R2-3
Added Pin To Net: NetName=+5 Pin=U5-1
Added Pin To Net: NetName=+5 Pin=U6-1
Added Pin To Net: NetName=+5 Pin=U7-1
Added Pin To Net: NetName=+5 Pin=U8-1
Added Pin To Net: NetName=+5 Pin=U9-1
Added Pin To Net: NetName=+5 Pin=U10-1
Added Pin To Net: NetName=+5 Pin=U15-2
Added Pin To Net: NetName=+5 Pin=U16-2
Added Pin To Net: NetName=+5 Pin=VD1-1
Added Net: Name=+5
Added Pin To Net: NetName=+12 Pin=C1-2
Added Pin To Net: NetName=+12 Pin=U1-1
Added Pin To Net: NetName=+12 Pin=U4-2
Added Pin To Net: NetName=+12 Pin=U17-1
Added Net: Name=+12
Added Pin To Net: NetName=BALL Pin=U13-1
Added Pin To Net: NetName=BALL Pin=U14-1
Added Net: Name=BALL
Added Net: Name=BUT1
Added Net: Name=BUT2
Added Net: Name=BUT3
Added Net: Name=BUT4
Added Pin To Net: NetName=ESC Pin=U15-1
Added Pin To Net: NetName=ESC Pin=U16-1
Added Net: Name=ESC
Added Pin To Net: NetName=GND Pin=C1-1
Added Pin To Net: NetName=GND Pin=C2-2
Added Pin To Net: NetName=GND Pin=D1-1
Added Pin To Net: NetName=GND Pin=R1-2
Added Pin To Net: NetName=GND Pin=U1-3
Added Pin To Net: NetName=GND Pin=U1-3
Added Pin To Net: NetName=GND Pin=U1-5
Added Pin To Net: NetName=GND Pin=U4-1
Added Pin To Net: NetName=GND Pin=U5-4
Added Pin To Net: NetName=GND Pin=U6-4
Added Pin To Net: NetName=GND Pin=U7-4
Added Pin To Net: NetName=GND Pin=U8-4
Added Pin To Net: NetName=GND Pin=U9-4
Added Pin To Net: NetName=GND Pin=U10-4
Added Pin To Net: NetName=GND Pin=U13-2
Added Pin To Net: NetName=GND Pin=U14-2
Added Pin To Net: NetName=GND Pin=U15-3
Added Pin To Net: NetName=GND Pin=U16-3
Added Pin To Net: NetName=GND Pin=U17-2
Added Net: Name=GND
Added Pin To Net: NetName=IMU_RX Pin=U9-2
Added Pin To Net: NetName=IMU_RX Pin=U10-2
Added Net: Name=IMU_RX
Added Pin To Net: NetName=IMU_TX Pin=U9-3
Added Pin To Net: NetName=IMU_TX Pin=U10-3
Added Net: Name=IMU_TX
Added Pin To Net: NetName=NetD1_2 Pin=D1-2
Added Pin To Net: NetName=NetD1_2 Pin=L1-1
Added Pin To Net: NetName=NetD1_2 Pin=U1-2
Added Net: Name=NetD1_2
Added Pin To Net: NetName=NetR1_1 Pin=R1-1
Added Pin To Net: NetName=NetR1_1 Pin=R2-1
Added Pin To Net: NetName=NetR1_1 Pin=R2-2
Added Pin To Net: NetName=NetR1_1 Pin=U1-4
Added Net: Name=NetR1_1
Added Pin To Net: NetName=NetR3_1 Pin=VD1-2
Added Net: Name=NetR3_1
Added Pin To Net: NetName=SCL Pin=U5-3
Added Pin To Net: NetName=SCL Pin=U6-3
Added Pin To Net: NetName=SCL Pin=U7-3
Added Pin To Net: NetName=SCL Pin=U8-3
Added Net: Name=SCL
Added Pin To Net: NetName=SDA Pin=U5-2
Added Pin To Net: NetName=SDA Pin=U6-2
Added Pin To Net: NetName=SDA Pin=U7-2
Added Pin To Net: NetName=SDA Pin=U8-2
Added Net: Name=SDA
Added Class: Name=Main Sheet
Added Class: Name=U_5V Sheet
Added Room: Name=Main Sheet
Added Room: Name=U_5V Sheet
